[2022-05-30T20:10:55.886] [ERROR] error - RestException [Error]: Authenticate
    at success (D:\BackendCoderhouse\ProyectoFinal3\node_modules\twilio\lib\base\Version.js:135:15)
    at Promise_then_fulfilled (D:\BackendCoderhouse\ProyectoFinal3\node_modules\twilio\node_modules\q\q.js:766:44)
    at Promise_done_fulfilled (D:\BackendCoderhouse\ProyectoFinal3\node_modules\twilio\node_modules\q\q.js:835:31)
    at Fulfilled_dispatch [as dispatch] (D:\BackendCoderhouse\ProyectoFinal3\node_modules\twilio\node_modules\q\q.js:1229:9)
    at Pending_become_eachMessage_task (D:\BackendCoderhouse\ProyectoFinal3\node_modules\twilio\node_modules\q\q.js:1369:30)
    at RawTask.call (D:\BackendCoderhouse\ProyectoFinal3\node_modules\asap\asap.js:40:19)
    at flush (D:\BackendCoderhouse\ProyectoFinal3\node_modules\asap\raw.js:50:29)
    at processTicksAndRejections (node:internal/process/task_queues:78:11) {
  status: 401,
  code: 20003,
  moreInfo: 'https://www.twilio.com/docs/errors/20003',
  details: undefined
}
[2022-05-30T20:10:56.535] [ERROR] error - RestException [Error]: Authenticate
    at success (D:\BackendCoderhouse\ProyectoFinal3\node_modules\twilio\lib\base\Version.js:135:15)
    at Promise_then_fulfilled (D:\BackendCoderhouse\ProyectoFinal3\node_modules\twilio\node_modules\q\q.js:766:44)
    at Promise_done_fulfilled (D:\BackendCoderhouse\ProyectoFinal3\node_modules\twilio\node_modules\q\q.js:835:31)
    at Fulfilled_dispatch [as dispatch] (D:\BackendCoderhouse\ProyectoFinal3\node_modules\twilio\node_modules\q\q.js:1229:9)
    at Pending_become_eachMessage_task (D:\BackendCoderhouse\ProyectoFinal3\node_modules\twilio\node_modules\q\q.js:1369:30)
    at RawTask.call (D:\BackendCoderhouse\ProyectoFinal3\node_modules\asap\asap.js:40:19)
    at flush (D:\BackendCoderhouse\ProyectoFinal3\node_modules\asap\raw.js:50:29)
    at processTicksAndRejections (node:internal/process/task_queues:78:11) {
  status: 401,
  code: 20003,
  moreInfo: 'https://www.twilio.com/docs/errors/20003',
  details: undefined
}
[2022-06-21T20:34:12.214] [ERROR] error - BSONError: cyclic dependency detected
    at new BSONError (D:\BackendCoderhouse\-18.Tests\node_modules\bson\lib\error.js:23:28)
    at serializeObject (D:\BackendCoderhouse\-18.Tests\node_modules\bson\lib\parser\serializer.js:267:19)
    at serializeInto (D:\BackendCoderhouse\-18.Tests\node_modules\bson\lib\parser\serializer.js:810:25)
    at serializeObject (D:\BackendCoderhouse\-18.Tests\node_modules\bson\lib\parser\serializer.js:280:20)
    at serializeInto (D:\BackendCoderhouse\-18.Tests\node_modules\bson\lib\parser\serializer.js:810:25)
    at serializeObject (D:\BackendCoderhouse\-18.Tests\node_modules\bson\lib\parser\serializer.js:280:20)
    at serializeInto (D:\BackendCoderhouse\-18.Tests\node_modules\bson\lib\parser\serializer.js:810:25)
    at serializeObject (D:\BackendCoderhouse\-18.Tests\node_modules\bson\lib\parser\serializer.js:280:20)
    at serializeInto (D:\BackendCoderhouse\-18.Tests\node_modules\bson\lib\parser\serializer.js:810:25)
    at serializeObject (D:\BackendCoderhouse\-18.Tests\node_modules\bson\lib\parser\serializer.js:280:20)
[2022-06-21T20:34:20.891] [ERROR] error - BSONError: cyclic dependency detected
    at new BSONError (D:\BackendCoderhouse\-18.Tests\node_modules\bson\lib\error.js:23:28)
    at serializeObject (D:\BackendCoderhouse\-18.Tests\node_modules\bson\lib\parser\serializer.js:267:19)
    at serializeInto (D:\BackendCoderhouse\-18.Tests\node_modules\bson\lib\parser\serializer.js:810:25)
    at serializeObject (D:\BackendCoderhouse\-18.Tests\node_modules\bson\lib\parser\serializer.js:280:20)
    at serializeInto (D:\BackendCoderhouse\-18.Tests\node_modules\bson\lib\parser\serializer.js:810:25)
    at serializeObject (D:\BackendCoderhouse\-18.Tests\node_modules\bson\lib\parser\serializer.js:280:20)
    at serializeInto (D:\BackendCoderhouse\-18.Tests\node_modules\bson\lib\parser\serializer.js:810:25)
    at serializeObject (D:\BackendCoderhouse\-18.Tests\node_modules\bson\lib\parser\serializer.js:280:20)
    at serializeInto (D:\BackendCoderhouse\-18.Tests\node_modules\bson\lib\parser\serializer.js:810:25)
    at serializeObject (D:\BackendCoderhouse\-18.Tests\node_modules\bson\lib\parser\serializer.js:280:20)
[2022-06-21T20:34:37.948] [ERROR] error - BSONError: cyclic dependency detected
    at new BSONError (D:\BackendCoderhouse\-18.Tests\node_modules\bson\lib\error.js:23:28)
    at serializeObject (D:\BackendCoderhouse\-18.Tests\node_modules\bson\lib\parser\serializer.js:267:19)
    at serializeInto (D:\BackendCoderhouse\-18.Tests\node_modules\bson\lib\parser\serializer.js:810:25)
    at serializeObject (D:\BackendCoderhouse\-18.Tests\node_modules\bson\lib\parser\serializer.js:280:20)
    at serializeInto (D:\BackendCoderhouse\-18.Tests\node_modules\bson\lib\parser\serializer.js:810:25)
    at serializeObject (D:\BackendCoderhouse\-18.Tests\node_modules\bson\lib\parser\serializer.js:280:20)
    at serializeInto (D:\BackendCoderhouse\-18.Tests\node_modules\bson\lib\parser\serializer.js:810:25)
    at serializeObject (D:\BackendCoderhouse\-18.Tests\node_modules\bson\lib\parser\serializer.js:280:20)
    at serializeInto (D:\BackendCoderhouse\-18.Tests\node_modules\bson\lib\parser\serializer.js:810:25)
    at serializeObject (D:\BackendCoderhouse\-18.Tests\node_modules\bson\lib\parser\serializer.js:280:20)
[2022-06-21T20:34:52.094] [ERROR] error - BSONError: cyclic dependency detected
    at new BSONError (D:\BackendCoderhouse\-18.Tests\node_modules\bson\lib\error.js:23:28)
    at serializeObject (D:\BackendCoderhouse\-18.Tests\node_modules\bson\lib\parser\serializer.js:267:19)
    at serializeInto (D:\BackendCoderhouse\-18.Tests\node_modules\bson\lib\parser\serializer.js:810:25)
    at serializeObject (D:\BackendCoderhouse\-18.Tests\node_modules\bson\lib\parser\serializer.js:280:20)
    at serializeInto (D:\BackendCoderhouse\-18.Tests\node_modules\bson\lib\parser\serializer.js:810:25)
    at serializeObject (D:\BackendCoderhouse\-18.Tests\node_modules\bson\lib\parser\serializer.js:280:20)
    at serializeInto (D:\BackendCoderhouse\-18.Tests\node_modules\bson\lib\parser\serializer.js:810:25)
    at serializeObject (D:\BackendCoderhouse\-18.Tests\node_modules\bson\lib\parser\serializer.js:280:20)
    at serializeInto (D:\BackendCoderhouse\-18.Tests\node_modules\bson\lib\parser\serializer.js:810:25)
    at serializeObject (D:\BackendCoderhouse\-18.Tests\node_modules\bson\lib\parser\serializer.js:280:20)
[2022-06-21T20:35:24.470] [ERROR] error - BSONError: cyclic dependency detected
    at new BSONError (D:\BackendCoderhouse\-18.Tests\node_modules\bson\lib\error.js:23:28)
    at serializeObject (D:\BackendCoderhouse\-18.Tests\node_modules\bson\lib\parser\serializer.js:267:19)
    at serializeInto (D:\BackendCoderhouse\-18.Tests\node_modules\bson\lib\parser\serializer.js:810:25)
    at serializeObject (D:\BackendCoderhouse\-18.Tests\node_modules\bson\lib\parser\serializer.js:280:20)
    at serializeInto (D:\BackendCoderhouse\-18.Tests\node_modules\bson\lib\parser\serializer.js:810:25)
    at serializeObject (D:\BackendCoderhouse\-18.Tests\node_modules\bson\lib\parser\serializer.js:280:20)
    at serializeInto (D:\BackendCoderhouse\-18.Tests\node_modules\bson\lib\parser\serializer.js:810:25)
    at serializeObject (D:\BackendCoderhouse\-18.Tests\node_modules\bson\lib\parser\serializer.js:280:20)
    at serializeInto (D:\BackendCoderhouse\-18.Tests\node_modules\bson\lib\parser\serializer.js:810:25)
    at serializeObject (D:\BackendCoderhouse\-18.Tests\node_modules\bson\lib\parser\serializer.js:280:20)
[2022-06-21T20:35:38.376] [ERROR] error - BSONError: cyclic dependency detected
    at new BSONError (D:\BackendCoderhouse\-18.Tests\node_modules\bson\lib\error.js:23:28)
    at serializeObject (D:\BackendCoderhouse\-18.Tests\node_modules\bson\lib\parser\serializer.js:267:19)
    at serializeInto (D:\BackendCoderhouse\-18.Tests\node_modules\bson\lib\parser\serializer.js:810:25)
    at serializeObject (D:\BackendCoderhouse\-18.Tests\node_modules\bson\lib\parser\serializer.js:280:20)
    at serializeInto (D:\BackendCoderhouse\-18.Tests\node_modules\bson\lib\parser\serializer.js:810:25)
    at serializeObject (D:\BackendCoderhouse\-18.Tests\node_modules\bson\lib\parser\serializer.js:280:20)
    at serializeInto (D:\BackendCoderhouse\-18.Tests\node_modules\bson\lib\parser\serializer.js:810:25)
    at serializeObject (D:\BackendCoderhouse\-18.Tests\node_modules\bson\lib\parser\serializer.js:280:20)
    at serializeInto (D:\BackendCoderhouse\-18.Tests\node_modules\bson\lib\parser\serializer.js:810:25)
    at serializeObject (D:\BackendCoderhouse\-18.Tests\node_modules\bson\lib\parser\serializer.js:280:20)
[2022-06-29T14:23:23.689] [ERROR] error - An error occurred while connecting the database
[2022-06-29T14:23:23.690] [ERROR] error - Error en servidor  ReferenceError: PORT is not defined
    at D:\BackendCoderhouse\-19.GraphQL\index.js:70:65
    at processTicksAndRejections (node:internal/process/task_queues:96:5)
[2022-06-29T15:51:31.964] [ERROR] error - MongoServerError: Performing an update on the path '_id' would modify the immutable field '_id'
    at D:\BackendCoderhouse\-19.GraphQL\node_modules\mongoose\node_modules\mongodb\lib\operations\update.js:85:33
    at D:\BackendCoderhouse\-19.GraphQL\node_modules\mongoose\node_modules\mongodb\lib\cmap\connection_pool.js:273:25
    at handleOperationResult (D:\BackendCoderhouse\-19.GraphQL\node_modules\mongoose\node_modules\mongodb\lib\sdam\server.js:327:20)
    at Connection.onMessage (D:\BackendCoderhouse\-19.GraphQL\node_modules\mongoose\node_modules\mongodb\lib\cmap\connection.js:215:9)
    at MessageStream.<anonymous> (D:\BackendCoderhouse\-19.GraphQL\node_modules\mongoose\node_modules\mongodb\lib\cmap\connection.js:63:60)
    at MessageStream.emit (node:events:390:28)
    at processIncomingData (D:\BackendCoderhouse\-19.GraphQL\node_modules\mongoose\node_modules\mongodb\lib\cmap\message_stream.js:108:16)
    at MessageStream._write (D:\BackendCoderhouse\-19.GraphQL\node_modules\mongoose\node_modules\mongodb\lib\cmap\message_stream.js:28:9)
    at writeOrBuffer (node:internal/streams/writable:389:12)
    at _write (node:internal/streams/writable:330:10) {
  index: 0,
  code: 66,
  [Symbol(errorLabels)]: Set(0) {}
}
[2022-06-29T16:24:51.331] [ERROR] error - Error: TypeError: Cannot read properties of undefined (reading '0')
    at D:\BackendCoderhouse\-19.GraphQL\routers\indexRoutes.js:34:27
    at Layer.handle [as handle_request] (D:\BackendCoderhouse\-19.GraphQL\node_modules\express\lib\router\layer.js:95:5)
    at next (D:\BackendCoderhouse\-19.GraphQL\node_modules\express\lib\router\route.js:144:13)
    at Route.dispatch (D:\BackendCoderhouse\-19.GraphQL\node_modules\express\lib\router\route.js:114:3)
    at Layer.handle [as handle_request] (D:\BackendCoderhouse\-19.GraphQL\node_modules\express\lib\router\layer.js:95:5)
    at D:\BackendCoderhouse\-19.GraphQL\node_modules\express\lib\router\index.js:284:15
    at Function.process_params (D:\BackendCoderhouse\-19.GraphQL\node_modules\express\lib\router\index.js:346:12)
    at next (D:\BackendCoderhouse\-19.GraphQL\node_modules\express\lib\router\index.js:280:10)
    at urlencodedParser (D:\BackendCoderhouse\-19.GraphQL\node_modules\body-parser\lib\types\urlencoded.js:91:7)
    at Layer.handle [as handle_request] (D:\BackendCoderhouse\-19.GraphQL\node_modules\express\lib\router\layer.js:95:5)
[2022-06-29T16:24:55.324] [ERROR] error - Error: TypeError: Cannot read properties of undefined (reading '0')
    at D:\BackendCoderhouse\-19.GraphQL\routers\indexRoutes.js:34:27
    at Layer.handle [as handle_request] (D:\BackendCoderhouse\-19.GraphQL\node_modules\express\lib\router\layer.js:95:5)
    at next (D:\BackendCoderhouse\-19.GraphQL\node_modules\express\lib\router\route.js:144:13)
    at Route.dispatch (D:\BackendCoderhouse\-19.GraphQL\node_modules\express\lib\router\route.js:114:3)
    at Layer.handle [as handle_request] (D:\BackendCoderhouse\-19.GraphQL\node_modules\express\lib\router\layer.js:95:5)
    at D:\BackendCoderhouse\-19.GraphQL\node_modules\express\lib\router\index.js:284:15
    at Function.process_params (D:\BackendCoderhouse\-19.GraphQL\node_modules\express\lib\router\index.js:346:12)
    at next (D:\BackendCoderhouse\-19.GraphQL\node_modules\express\lib\router\index.js:280:10)
    at urlencodedParser (D:\BackendCoderhouse\-19.GraphQL\node_modules\body-parser\lib\types\urlencoded.js:91:7)
    at Layer.handle [as handle_request] (D:\BackendCoderhouse\-19.GraphQL\node_modules\express\lib\router\layer.js:95:5)
[2022-06-29T16:55:46.435] [ERROR] error - BSONTypeError: Argument passed in must be a string of 12 bytes or a string of 24 hex characters or an integer
    at new BSONTypeError (D:\BackendCoderhouse\-19.GraphQL\node_modules\bson\lib\error.js:41:28)
    at new ObjectId (D:\BackendCoderhouse\-19.GraphQL\node_modules\bson\lib\objectid.js:67:23)
    at ObjectId (D:\BackendCoderhouse\-19.GraphQL\node_modules\bson\lib\objectid.js:26:20)
    at postNewProduct (D:\BackendCoderhouse\-19.GraphQL\controllers\cart.controller.js:50:39)
    at Layer.handle [as handle_request] (D:\BackendCoderhouse\-19.GraphQL\node_modules\express\lib\router\layer.js:95:5)
    at next (D:\BackendCoderhouse\-19.GraphQL\node_modules\express\lib\router\route.js:144:13)
    at Route.dispatch (D:\BackendCoderhouse\-19.GraphQL\node_modules\express\lib\router\route.js:114:3)
    at Layer.handle [as handle_request] (D:\BackendCoderhouse\-19.GraphQL\node_modules\express\lib\router\layer.js:95:5)
    at D:\BackendCoderhouse\-19.GraphQL\node_modules\express\lib\router\index.js:284:15
    at param (D:\BackendCoderhouse\-19.GraphQL\node_modules\express\lib\router\index.js:365:14)
[2022-06-29T16:55:51.896] [ERROR] error - BSONTypeError: Argument passed in must be a string of 12 bytes or a string of 24 hex characters or an integer
    at new BSONTypeError (D:\BackendCoderhouse\-19.GraphQL\node_modules\bson\lib\error.js:41:28)
    at new ObjectId (D:\BackendCoderhouse\-19.GraphQL\node_modules\bson\lib\objectid.js:67:23)
    at ObjectId (D:\BackendCoderhouse\-19.GraphQL\node_modules\bson\lib\objectid.js:26:20)
    at postNewProduct (D:\BackendCoderhouse\-19.GraphQL\controllers\cart.controller.js:50:39)
    at Layer.handle [as handle_request] (D:\BackendCoderhouse\-19.GraphQL\node_modules\express\lib\router\layer.js:95:5)
    at next (D:\BackendCoderhouse\-19.GraphQL\node_modules\express\lib\router\route.js:144:13)
    at Route.dispatch (D:\BackendCoderhouse\-19.GraphQL\node_modules\express\lib\router\route.js:114:3)
    at Layer.handle [as handle_request] (D:\BackendCoderhouse\-19.GraphQL\node_modules\express\lib\router\layer.js:95:5)
    at D:\BackendCoderhouse\-19.GraphQL\node_modules\express\lib\router\index.js:284:15
    at param (D:\BackendCoderhouse\-19.GraphQL\node_modules\express\lib\router\index.js:365:14)
[2022-06-29T16:55:53.529] [ERROR] error - BSONTypeError: Argument passed in must be a string of 12 bytes or a string of 24 hex characters or an integer
    at new BSONTypeError (D:\BackendCoderhouse\-19.GraphQL\node_modules\bson\lib\error.js:41:28)
    at new ObjectId (D:\BackendCoderhouse\-19.GraphQL\node_modules\bson\lib\objectid.js:67:23)
    at ObjectId (D:\BackendCoderhouse\-19.GraphQL\node_modules\bson\lib\objectid.js:26:20)
    at postNewProduct (D:\BackendCoderhouse\-19.GraphQL\controllers\cart.controller.js:50:39)
    at Layer.handle [as handle_request] (D:\BackendCoderhouse\-19.GraphQL\node_modules\express\lib\router\layer.js:95:5)
    at next (D:\BackendCoderhouse\-19.GraphQL\node_modules\express\lib\router\route.js:144:13)
    at Route.dispatch (D:\BackendCoderhouse\-19.GraphQL\node_modules\express\lib\router\route.js:114:3)
    at Layer.handle [as handle_request] (D:\BackendCoderhouse\-19.GraphQL\node_modules\express\lib\router\layer.js:95:5)
    at D:\BackendCoderhouse\-19.GraphQL\node_modules\express\lib\router\index.js:284:15
    at param (D:\BackendCoderhouse\-19.GraphQL\node_modules\express\lib\router\index.js:365:14)
[2022-06-29T16:57:42.670] [ERROR] error - Error: TypeError: Cannot read properties of undefined (reading '0')
    at D:\BackendCoderhouse\-19.GraphQL\routers\indexRoutes.js:35:27
    at Layer.handle [as handle_request] (D:\BackendCoderhouse\-19.GraphQL\node_modules\express\lib\router\layer.js:95:5)
    at next (D:\BackendCoderhouse\-19.GraphQL\node_modules\express\lib\router\route.js:144:13)
    at Route.dispatch (D:\BackendCoderhouse\-19.GraphQL\node_modules\express\lib\router\route.js:114:3)
    at Layer.handle [as handle_request] (D:\BackendCoderhouse\-19.GraphQL\node_modules\express\lib\router\layer.js:95:5)
    at D:\BackendCoderhouse\-19.GraphQL\node_modules\express\lib\router\index.js:284:15
    at Function.process_params (D:\BackendCoderhouse\-19.GraphQL\node_modules\express\lib\router\index.js:346:12)
    at next (D:\BackendCoderhouse\-19.GraphQL\node_modules\express\lib\router\index.js:280:10)
    at urlencodedParser (D:\BackendCoderhouse\-19.GraphQL\node_modules\body-parser\lib\types\urlencoded.js:91:7)
    at Layer.handle [as handle_request] (D:\BackendCoderhouse\-19.GraphQL\node_modules\express\lib\router\layer.js:95:5)
[2022-06-29T16:58:41.606] [ERROR] error - Error: TypeError: Cannot read properties of undefined (reading '0')
    at D:\BackendCoderhouse\-19.GraphQL\routers\indexRoutes.js:35:27
    at Layer.handle [as handle_request] (D:\BackendCoderhouse\-19.GraphQL\node_modules\express\lib\router\layer.js:95:5)
    at next (D:\BackendCoderhouse\-19.GraphQL\node_modules\express\lib\router\route.js:144:13)
    at Route.dispatch (D:\BackendCoderhouse\-19.GraphQL\node_modules\express\lib\router\route.js:114:3)
    at Layer.handle [as handle_request] (D:\BackendCoderhouse\-19.GraphQL\node_modules\express\lib\router\layer.js:95:5)
    at D:\BackendCoderhouse\-19.GraphQL\node_modules\express\lib\router\index.js:284:15
    at Function.process_params (D:\BackendCoderhouse\-19.GraphQL\node_modules\express\lib\router\index.js:346:12)
    at next (D:\BackendCoderhouse\-19.GraphQL\node_modules\express\lib\router\index.js:280:10)
    at urlencodedParser (D:\BackendCoderhouse\-19.GraphQL\node_modules\body-parser\lib\types\urlencoded.js:91:7)
    at Layer.handle [as handle_request] (D:\BackendCoderhouse\-19.GraphQL\node_modules\express\lib\router\layer.js:95:5)
[2022-06-29T16:59:51.546] [ERROR] error - Error: TypeError: Cannot read properties of undefined (reading '0')
    at D:\BackendCoderhouse\-19.GraphQL\routers\indexRoutes.js:35:27
    at Layer.handle [as handle_request] (D:\BackendCoderhouse\-19.GraphQL\node_modules\express\lib\router\layer.js:95:5)
    at next (D:\BackendCoderhouse\-19.GraphQL\node_modules\express\lib\router\route.js:144:13)
    at Route.dispatch (D:\BackendCoderhouse\-19.GraphQL\node_modules\express\lib\router\route.js:114:3)
    at Layer.handle [as handle_request] (D:\BackendCoderhouse\-19.GraphQL\node_modules\express\lib\router\layer.js:95:5)
    at D:\BackendCoderhouse\-19.GraphQL\node_modules\express\lib\router\index.js:284:15
    at Function.process_params (D:\BackendCoderhouse\-19.GraphQL\node_modules\express\lib\router\index.js:346:12)
    at next (D:\BackendCoderhouse\-19.GraphQL\node_modules\express\lib\router\index.js:280:10)
    at urlencodedParser (D:\BackendCoderhouse\-19.GraphQL\node_modules\body-parser\lib\types\urlencoded.js:91:7)
    at Layer.handle [as handle_request] (D:\BackendCoderhouse\-19.GraphQL\node_modules\express\lib\router\layer.js:95:5)
[2022-06-29T17:04:47.885] [ERROR] error - TypeError: Cannot read properties of undefined (reading 'push')
    at postNewProduct (D:\BackendCoderhouse\-19.GraphQL\controllers\cart.controller.js:57:26)
    at processTicksAndRejections (node:internal/process/task_queues:96:5)
[2022-06-29T17:04:49.716] [ERROR] error - TypeError: Cannot read properties of undefined (reading 'push')
    at postNewProduct (D:\BackendCoderhouse\-19.GraphQL\controllers\cart.controller.js:57:26)
    at processTicksAndRejections (node:internal/process/task_queues:96:5)
[2022-06-29T17:07:16.564] [ERROR] error - TypeError: Cannot read properties of undefined (reading 'push')
    at postNewProduct (D:\BackendCoderhouse\-19.GraphQL\controllers\cart.controller.js:54:26)
    at processTicksAndRejections (node:internal/process/task_queues:96:5)
[2022-06-29T17:08:21.273] [ERROR] error - TypeError: Cannot read properties of undefined (reading 'push')
    at postNewProduct (D:\BackendCoderhouse\-19.GraphQL\controllers\cart.controller.js:55:26)
    at processTicksAndRejections (node:internal/process/task_queues:96:5)
[2022-06-30T12:12:21.992] [ERROR] error - Error: Wrong username or password
    at UserMongoDAO.getByEmail (D:\BackendCoderhouse\ProyectoFinal\models\daos\users\userMongoDao.js:46:23)
    at processTicksAndRejections (node:internal/process/task_queues:96:5)
    at async UserServices.getUserByEmailService (D:\BackendCoderhouse\ProyectoFinal\services\user.services.js:32:16)
    at async UserControllers.getUserByEmailController (D:\BackendCoderhouse\ProyectoFinal\controllers\user.controllers.js:10:27)
    at async D:\BackendCoderhouse\ProyectoFinal\controllers\passport.js:57:18
[2022-06-30T12:14:50.325] [ERROR] error - ReferenceError: next is not defined
    at UserControllers.getUserByEmailController (D:\BackendCoderhouse\ProyectoFinal\controllers\user.controllers.js:14:11)
    at processTicksAndRejections (node:internal/process/task_queues:96:5)
    at async Strategy._verify (D:\BackendCoderhouse\ProyectoFinal\controllers\passport.js:14:20)
[2022-06-30T12:18:00.803] [ERROR] error - ReferenceError: next is not defined
    at UserControllers.getUserByEmailController (D:\BackendCoderhouse\ProyectoFinal\controllers\user.controllers.js:14:11)
    at processTicksAndRejections (node:internal/process/task_queues:96:5)
    at async Strategy._verify (D:\BackendCoderhouse\ProyectoFinal\controllers\passport.js:15:20)
[2022-06-30T12:18:28.138] [ERROR] error - ReferenceError: next is not defined
    at UserControllers.getUserByEmailController (D:\BackendCoderhouse\ProyectoFinal\controllers\user.controllers.js:15:11)
    at processTicksAndRejections (node:internal/process/task_queues:96:5)
    at async Strategy._verify (D:\BackendCoderhouse\ProyectoFinal\controllers\passport.js:15:20)
[2022-06-30T12:19:12.842] [ERROR] error - ReferenceError: next is not defined
    at UserControllers.getUserByEmailController (D:\BackendCoderhouse\ProyectoFinal\controllers\user.controllers.js:14:11)
    at processTicksAndRejections (node:internal/process/task_queues:96:5)
    at async Strategy._verify (D:\BackendCoderhouse\ProyectoFinal\controllers\passport.js:14:20)
[2022-06-30T12:19:58.356] [ERROR] error - ReferenceError: next is not defined
    at UserControllers.getUserByEmailController (D:\BackendCoderhouse\ProyectoFinal\controllers\user.controllers.js:14:11)
    at processTicksAndRejections (node:internal/process/task_queues:96:5)
    at async Strategy._verify (D:\BackendCoderhouse\ProyectoFinal\controllers\passport.js:14:20)
[2022-06-30T12:20:47.191] [ERROR] error - ReferenceError: next is not defined
    at UserControllers.getUserByEmailController (D:\BackendCoderhouse\ProyectoFinal\controllers\user.controllers.js:15:11)
    at processTicksAndRejections (node:internal/process/task_queues:96:5)
    at async Strategy._verify (D:\BackendCoderhouse\ProyectoFinal\controllers\passport.js:14:20)
[2022-06-30T12:22:21.703] [ERROR] error - TypeError: Cannot read properties of undefined (reading 'password')
    at isValidPassword (D:\BackendCoderhouse\ProyectoFinal\controllers\passport.js:8:79)
    at Strategy._verify (D:\BackendCoderhouse\ProyectoFinal\controllers\passport.js:15:12)
    at processTicksAndRejections (node:internal/process/task_queues:96:5)
[2022-06-30T12:22:45.713] [ERROR] error - TypeError: Cannot read properties of undefined (reading 'password')
    at isValidPassword (D:\BackendCoderhouse\ProyectoFinal\controllers\passport.js:8:79)
    at Strategy._verify (D:\BackendCoderhouse\ProyectoFinal\controllers\passport.js:15:12)
    at processTicksAndRejections (node:internal/process/task_queues:96:5)
[2022-06-30T12:23:17.017] [ERROR] error - Error: Wrong username or password
    at UserMongoDAO.getByEmail (D:\BackendCoderhouse\ProyectoFinal\models\daos\users\userMongoDao.js:46:23)
    at processTicksAndRejections (node:internal/process/task_queues:96:5)
    at async UserServices.getUserByEmailService (D:\BackendCoderhouse\ProyectoFinal\services\user.services.js:33:25)
    at async UserControllers.getUserByEmailController (D:\BackendCoderhouse\ProyectoFinal\controllers\user.controllers.js:10:27)
    at async D:\BackendCoderhouse\ProyectoFinal\controllers\passport.js:57:18
[2022-06-30T12:25:48.979] [ERROR] error - ReferenceError: user is not defined
    at Strategy._verify (D:\BackendCoderhouse\ProyectoFinal\controllers\passport.js:20:25)
    at processTicksAndRejections (node:internal/process/task_queues:96:5)
[2022-06-30T12:26:23.614] [ERROR] error - Error: Wrong username or password
    at UserMongoDAO.getByEmail (D:\BackendCoderhouse\ProyectoFinal\models\daos\users\userMongoDao.js:46:23)
    at processTicksAndRejections (node:internal/process/task_queues:96:5)
    at async UserServices.getUserByEmailService (D:\BackendCoderhouse\ProyectoFinal\services\user.services.js:33:25)
    at async UserControllers.getUserByEmailController (D:\BackendCoderhouse\ProyectoFinal\controllers\user.controllers.js:10:27)
    at async D:\BackendCoderhouse\ProyectoFinal\controllers\passport.js:58:18
[2022-06-30T13:28:58.496] [ERROR] error - TypeError: Cannot read properties of undefined (reading 'getById')
    at postNewProduct (D:\BackendCoderhouse\ProyectoFinal\controllers\cart.controller.js:52:46)
    at Layer.handle [as handle_request] (D:\BackendCoderhouse\ProyectoFinal\node_modules\express\lib\router\layer.js:95:5)
    at next (D:\BackendCoderhouse\ProyectoFinal\node_modules\express\lib\router\route.js:144:13)
    at Route.dispatch (D:\BackendCoderhouse\ProyectoFinal\node_modules\express\lib\router\route.js:114:3)
    at Layer.handle [as handle_request] (D:\BackendCoderhouse\ProyectoFinal\node_modules\express\lib\router\layer.js:95:5)
    at D:\BackendCoderhouse\ProyectoFinal\node_modules\express\lib\router\index.js:284:15
    at param (D:\BackendCoderhouse\ProyectoFinal\node_modules\express\lib\router\index.js:365:14)
    at param (D:\BackendCoderhouse\ProyectoFinal\node_modules\express\lib\router\index.js:376:14)
    at param (D:\BackendCoderhouse\ProyectoFinal\node_modules\express\lib\router\index.js:376:14)
    at Function.process_params (D:\BackendCoderhouse\ProyectoFinal\node_modules\express\lib\router\index.js:421:3)
[2022-06-30T15:04:13.490] [ERROR] error - TypeError: Cannot read properties of undefined (reading 'password')
    at isValidPassword (D:\BackendCoderhouse\ProyectoFinal\controllers\passport.js:8:79)
    at Strategy._verify (D:\BackendCoderhouse\ProyectoFinal\controllers\passport.js:15:12)
    at processTicksAndRejections (node:internal/process/task_queues:96:5)
[2022-06-30T15:25:10.936] [ERROR] error - TypeError: Cannot read properties of undefined (reading 'password')
    at isValidPassword (D:\BackendCoderhouse\ProyectoFinal\controllers\passport.js:8:79)
    at Strategy._verify (D:\BackendCoderhouse\ProyectoFinal\controllers\passport.js:15:12)
    at processTicksAndRejections (node:internal/process/task_queues:96:5)
[2022-06-30T16:06:11.732] [ERROR] error - TypeError: Cannot read properties of undefined (reading 'password')
    at isValidPassword (D:\BackendCoderhouse\ProyectoFinal\controllers\passport.js:8:79)
    at Strategy._verify (D:\BackendCoderhouse\ProyectoFinal\controllers\passport.js:15:12)
    at processTicksAndRejections (node:internal/process/task_queues:96:5)
[2022-06-30T16:11:36.729] [ERROR] error - TypeError: Cannot read properties of undefined (reading 'password')
    at isValidPassword (D:\BackendCoderhouse\ProyectoFinal\controllers\passport.js:8:79)
    at Strategy._verify (D:\BackendCoderhouse\ProyectoFinal\controllers\passport.js:15:12)
    at processTicksAndRejections (node:internal/process/task_queues:96:5)
[2022-06-30T21:10:29.095] [ERROR] error - TypeError: next is not a function
    at UserControllers.createUserController (D:\BackendCoderhouse\ProyectoFinal\controllers\user.controllers.js:25:9)
    at async Strategy._verify (D:\BackendCoderhouse\ProyectoFinal\controllers\passport.js:40:25)
[2022-06-30T21:13:06.167] [ERROR] error - TypeError: Cannot read properties of undefined (reading 'bday')
    at UserServices.createUserService (D:\BackendCoderhouse\ProyectoFinal\services\user.services.js:37:35)
    at UserControllers.createUserController (D:\BackendCoderhouse\ProyectoFinal\controllers\user.controllers.js:22:48)
    at Strategy._verify (D:\BackendCoderhouse\ProyectoFinal\controllers\passport.js:40:46)
    at Strategy.authenticate (D:\BackendCoderhouse\ProyectoFinal\node_modules\passport-local\lib\strategy.js:88:12)
    at attempt (D:\BackendCoderhouse\ProyectoFinal\node_modules\passport\lib\middleware\authenticate.js:369:16)
    at authenticate (D:\BackendCoderhouse\ProyectoFinal\node_modules\passport\lib\middleware\authenticate.js:370:7)
    at Layer.handle [as handle_request] (D:\BackendCoderhouse\ProyectoFinal\node_modules\express\lib\router\layer.js:95:5)
    at next (D:\BackendCoderhouse\ProyectoFinal\node_modules\express\lib\router\route.js:144:13)
    at Immediate.<anonymous> (D:\BackendCoderhouse\ProyectoFinal\node_modules\multer\lib\make-middleware.js:53:37)
    at processImmediate (node:internal/timers:466:21)
[2022-06-30T21:15:39.152] [ERROR] error - ReferenceError: password is not defined
    at UserServices.createUserService (D:\BackendCoderhouse\ProyectoFinal\services\user.services.js:41:21)
    at UserControllers.createUserController (D:\BackendCoderhouse\ProyectoFinal\controllers\user.controllers.js:21:48)
    at Strategy._verify (D:\BackendCoderhouse\ProyectoFinal\controllers\passport.js:40:46)
    at Strategy.authenticate (D:\BackendCoderhouse\ProyectoFinal\node_modules\passport-local\lib\strategy.js:88:12)
    at attempt (D:\BackendCoderhouse\ProyectoFinal\node_modules\passport\lib\middleware\authenticate.js:369:16)
    at authenticate (D:\BackendCoderhouse\ProyectoFinal\node_modules\passport\lib\middleware\authenticate.js:370:7)
    at Layer.handle [as handle_request] (D:\BackendCoderhouse\ProyectoFinal\node_modules\express\lib\router\layer.js:95:5)
    at next (D:\BackendCoderhouse\ProyectoFinal\node_modules\express\lib\router\route.js:144:13)
    at Immediate.<anonymous> (D:\BackendCoderhouse\ProyectoFinal\node_modules\multer\lib\make-middleware.js:53:37)
    at processImmediate (node:internal/timers:466:21)
[2022-06-30T23:44:21.485] [ERROR] error - TypeError: Cannot read properties of undefined (reading 'createUser')
    at UserServices.createUserService (D:\BackendCoderhouse\ProyectoFinal\services\user.services.js:49:44)
    at UserControllers.createUserController (D:\BackendCoderhouse\ProyectoFinal\controllers\user.controllers.js:21:48)
    at Strategy._verify (D:\BackendCoderhouse\ProyectoFinal\controllers\passport.js:40:46)
    at Strategy.authenticate (D:\BackendCoderhouse\ProyectoFinal\node_modules\passport-local\lib\strategy.js:88:12)
    at attempt (D:\BackendCoderhouse\ProyectoFinal\node_modules\passport\lib\middleware\authenticate.js:369:16)
    at authenticate (D:\BackendCoderhouse\ProyectoFinal\node_modules\passport\lib\middleware\authenticate.js:370:7)
    at Layer.handle [as handle_request] (D:\BackendCoderhouse\ProyectoFinal\node_modules\express\lib\router\layer.js:95:5)
    at next (D:\BackendCoderhouse\ProyectoFinal\node_modules\express\lib\router\route.js:144:13)
    at Immediate.<anonymous> (D:\BackendCoderhouse\ProyectoFinal\node_modules\multer\lib\make-middleware.js:53:37)
    at processImmediate (node:internal/timers:466:21)
[2022-06-30T23:46:57.318] [ERROR] error - ValidationError: address is a required field
    at createError (D:\BackendCoderhouse\ProyectoFinal\node_modules\yup\lib\util\createValidation.js:54:21)
    at D:\BackendCoderhouse\ProyectoFinal\node_modules\yup\lib\util\createValidation.js:72:107
    at processTicksAndRejections (node:internal/process/task_queues:96:5) {
  value: {
    lastErrorObject: { n: 0, updatedExisting: false },
    value: null,
    ok: 1,
    '$clusterTime': {
      clusterTime: new Timestamp({ t: 1656643613, i: 3 }),
      signature: [Object]
    },
    operationTime: new Timestamp({ t: 1656643613, i: 3 })
  },
  path: 'address',
  type: 'required',
  errors: [ 'address is a required field' ],
  params: {
    value: undefined,
    originalValue: undefined,
    label: undefined,
    path: 'address'
  },
  inner: []
}
[2022-06-30T23:46:57.368] [ERROR] error - ReferenceError: res is not defined
    at UserControllers.createUserController (D:\BackendCoderhouse\ProyectoFinal\controllers\user.controllers.js:22:13)
    at processTicksAndRejections (node:internal/process/task_queues:96:5)
    at async Strategy._verify (D:\BackendCoderhouse\ProyectoFinal\controllers\passport.js:40:25)
[2022-06-30T23:48:23.119] [ERROR] error - TypeError: Cannot read properties of undefined (reading 'bday')
    at UserServices.createUserService (D:\BackendCoderhouse\ProyectoFinal\services\user.services.js:37:35)
    at UserControllers.createUserController (D:\BackendCoderhouse\ProyectoFinal\controllers\user.controllers.js:21:48)
    at Strategy._verify (D:\BackendCoderhouse\ProyectoFinal\controllers\passport.js:40:46)
    at Strategy.authenticate (D:\BackendCoderhouse\ProyectoFinal\node_modules\passport-local\lib\strategy.js:88:12)
    at attempt (D:\BackendCoderhouse\ProyectoFinal\node_modules\passport\lib\middleware\authenticate.js:369:16)
    at authenticate (D:\BackendCoderhouse\ProyectoFinal\node_modules\passport\lib\middleware\authenticate.js:370:7)
    at Layer.handle [as handle_request] (D:\BackendCoderhouse\ProyectoFinal\node_modules\express\lib\router\layer.js:95:5)
    at next (D:\BackendCoderhouse\ProyectoFinal\node_modules\express\lib\router\route.js:144:13)
    at Immediate.<anonymous> (D:\BackendCoderhouse\ProyectoFinal\node_modules\multer\lib\make-middleware.js:53:37)
    at processImmediate (node:internal/timers:466:21)
[2022-06-30T23:51:07.436] [ERROR] error - ValidationError: address is a required field
    at createError (D:\BackendCoderhouse\ProyectoFinal\node_modules\yup\lib\util\createValidation.js:54:21)
    at D:\BackendCoderhouse\ProyectoFinal\node_modules\yup\lib\util\createValidation.js:72:107
    at processTicksAndRejections (node:internal/process/task_queues:96:5) {
  value: {
    lastErrorObject: { n: 0, updatedExisting: false },
    value: null,
    ok: 1,
    '$clusterTime': {
      clusterTime: new Timestamp({ t: 1656643864, i: 6 }),
      signature: [Object]
    },
    operationTime: new Timestamp({ t: 1656643864, i: 6 })
  },
  path: 'address',
  type: 'required',
  errors: [ 'address is a required field' ],
  params: {
    value: undefined,
    originalValue: undefined,
    label: undefined,
    path: 'address'
  },
  inner: []
}
[2022-06-30T23:52:26.646] [ERROR] error - ValidationError: address is a required field
    at createError (D:\BackendCoderhouse\ProyectoFinal\node_modules\yup\lib\util\createValidation.js:54:21)
    at D:\BackendCoderhouse\ProyectoFinal\node_modules\yup\lib\util\createValidation.js:72:107
    at processTicksAndRejections (node:internal/process/task_queues:96:5) {
  value: {
    lastErrorObject: { n: 0, updatedExisting: false },
    value: null,
    ok: 1,
    '$clusterTime': {
      clusterTime: new Timestamp({ t: 1656643943, i: 3 }),
      signature: [Object]
    },
    operationTime: new Timestamp({ t: 1656643943, i: 3 })
  },
  path: 'address',
  type: 'required',
  errors: [ 'address is a required field' ],
  params: {
    value: undefined,
    originalValue: undefined,
    label: undefined,
    path: 'address'
  },
  inner: []
}
[2022-06-30T23:52:26.688] [ERROR] error - MongoServerError: E11000 duplicate key error collection: ProyectoFinal.users index: email_1 dup key: { email: null }
    at D:\BackendCoderhouse\ProyectoFinal\node_modules\mongodb\lib\operations\insert.js:53:33
    at D:\BackendCoderhouse\ProyectoFinal\node_modules\mongodb\lib\cmap\connection_pool.js:273:25
    at D:\BackendCoderhouse\ProyectoFinal\node_modules\mongodb\lib\sdam\server.js:212:17
    at handleOperationResult (D:\BackendCoderhouse\ProyectoFinal\node_modules\mongodb\lib\sdam\server.js:335:20)
    at Connection.onMessage (D:\BackendCoderhouse\ProyectoFinal\node_modules\mongodb\lib\cmap\connection.js:214:9)
    at MessageStream.<anonymous> (D:\BackendCoderhouse\ProyectoFinal\node_modules\mongodb\lib\cmap\connection.js:62:60)
    at MessageStream.emit (node:events:390:28)
    at processIncomingData (D:\BackendCoderhouse\ProyectoFinal\node_modules\mongodb\lib\cmap\message_stream.js:108:16)
    at MessageStream._write (D:\BackendCoderhouse\ProyectoFinal\node_modules\mongodb\lib\cmap\message_stream.js:28:9)
    at writeOrBuffer (node:internal/streams/writable:389:12) {
  index: 0,
  code: 11000,
  keyPattern: { email: 1 },
  keyValue: { email: null },
  [Symbol(errorLabels)]: Set(0) {}
}
[2022-06-30T23:53:30.485] [ERROR] error - ValidationError: address is a required field
    at createError (D:\BackendCoderhouse\ProyectoFinal\node_modules\yup\lib\util\createValidation.js:54:21)
    at D:\BackendCoderhouse\ProyectoFinal\node_modules\yup\lib\util\createValidation.js:72:107
    at processTicksAndRejections (node:internal/process/task_queues:96:5) {
  value: {
    lastErrorObject: { n: 0, updatedExisting: false },
    value: null,
    ok: 1,
    '$clusterTime': {
      clusterTime: new Timestamp({ t: 1656644007, i: 3 }),
      signature: [Object]
    },
    operationTime: new Timestamp({ t: 1656644007, i: 3 })
  },
  path: 'address',
  type: 'required',
  errors: [ 'address is a required field' ],
  params: {
    value: undefined,
    originalValue: undefined,
    label: undefined,
    path: 'address'
  },
  inner: []
}
[2022-06-30T23:53:30.535] [ERROR] error - MongoServerError: E11000 duplicate key error collection: ProyectoFinal.users index: email_1 dup key: { email: null }
    at D:\BackendCoderhouse\ProyectoFinal\node_modules\mongodb\lib\operations\insert.js:53:33
    at D:\BackendCoderhouse\ProyectoFinal\node_modules\mongodb\lib\cmap\connection_pool.js:273:25
    at D:\BackendCoderhouse\ProyectoFinal\node_modules\mongodb\lib\sdam\server.js:212:17
    at handleOperationResult (D:\BackendCoderhouse\ProyectoFinal\node_modules\mongodb\lib\sdam\server.js:335:20)
    at Connection.onMessage (D:\BackendCoderhouse\ProyectoFinal\node_modules\mongodb\lib\cmap\connection.js:214:9)
    at MessageStream.<anonymous> (D:\BackendCoderhouse\ProyectoFinal\node_modules\mongodb\lib\cmap\connection.js:62:60)
    at MessageStream.emit (node:events:390:28)
    at processIncomingData (D:\BackendCoderhouse\ProyectoFinal\node_modules\mongodb\lib\cmap\message_stream.js:108:16)
    at MessageStream._write (D:\BackendCoderhouse\ProyectoFinal\node_modules\mongodb\lib\cmap\message_stream.js:28:9)
    at writeOrBuffer (node:internal/streams/writable:389:12) {
  index: 0,
  code: 11000,
  keyPattern: { email: 1 },
  keyValue: { email: null },
  [Symbol(errorLabels)]: Set(0) {}
}
[2022-06-30T23:56:41.603] [ERROR] error - ValidationError: address is a required field
    at createError (D:\BackendCoderhouse\ProyectoFinal\node_modules\yup\lib\util\createValidation.js:54:21)
    at D:\BackendCoderhouse\ProyectoFinal\node_modules\yup\lib\util\createValidation.js:72:107
    at processTicksAndRejections (node:internal/process/task_queues:96:5) {
  value: {
    lastErrorObject: { n: 0, updatedExisting: false },
    value: null,
    ok: 1,
    '$clusterTime': {
      clusterTime: new Timestamp({ t: 1656644198, i: 4 }),
      signature: [Object]
    },
    operationTime: new Timestamp({ t: 1656644198, i: 4 })
  },
  path: 'address',
  type: 'required',
  errors: [ 'address is a required field' ],
  params: {
    value: undefined,
    originalValue: undefined,
    label: undefined,
    path: 'address'
  },
  inner: []
}
[2022-06-30T23:56:41.644] [ERROR] error - MongoServerError: E11000 duplicate key error collection: ProyectoFinal.users index: email_1 dup key: { email: null }
    at D:\BackendCoderhouse\ProyectoFinal\node_modules\mongodb\lib\operations\insert.js:53:33
    at D:\BackendCoderhouse\ProyectoFinal\node_modules\mongodb\lib\cmap\connection_pool.js:273:25
    at D:\BackendCoderhouse\ProyectoFinal\node_modules\mongodb\lib\sdam\server.js:212:17
    at handleOperationResult (D:\BackendCoderhouse\ProyectoFinal\node_modules\mongodb\lib\sdam\server.js:335:20)
    at Connection.onMessage (D:\BackendCoderhouse\ProyectoFinal\node_modules\mongodb\lib\cmap\connection.js:214:9)
    at MessageStream.<anonymous> (D:\BackendCoderhouse\ProyectoFinal\node_modules\mongodb\lib\cmap\connection.js:62:60)
    at MessageStream.emit (node:events:390:28)
    at processIncomingData (D:\BackendCoderhouse\ProyectoFinal\node_modules\mongodb\lib\cmap\message_stream.js:108:16)
    at MessageStream._write (D:\BackendCoderhouse\ProyectoFinal\node_modules\mongodb\lib\cmap\message_stream.js:28:9)
    at writeOrBuffer (node:internal/streams/writable:389:12) {
  index: 0,
  code: 11000,
  keyPattern: { email: 1 },
  keyValue: { email: null },
  [Symbol(errorLabels)]: Set(0) {}
}
[2022-06-30T23:58:19.213] [ERROR] error - ValidationError: address is a required field
    at createError (D:\BackendCoderhouse\ProyectoFinal\node_modules\yup\lib\util\createValidation.js:54:21)
    at D:\BackendCoderhouse\ProyectoFinal\node_modules\yup\lib\util\createValidation.js:72:107
    at processTicksAndRejections (node:internal/process/task_queues:96:5) {
  value: {
    lastErrorObject: { n: 0, updatedExisting: false },
    value: null,
    ok: 1,
    '$clusterTime': {
      clusterTime: new Timestamp({ t: 1656644296, i: 3 }),
      signature: [Object]
    },
    operationTime: new Timestamp({ t: 1656644296, i: 3 })
  },
  path: 'address',
  type: 'required',
  errors: [ 'address is a required field' ],
  params: {
    value: undefined,
    originalValue: undefined,
    label: undefined,
    path: 'address'
  },
  inner: []
}
[2022-06-30T23:58:19.342] [ERROR] error - MongoServerError: E11000 duplicate key error collection: ProyectoFinal.users index: email_1 dup key: { email: null }
    at D:\BackendCoderhouse\ProyectoFinal\node_modules\mongodb\lib\operations\insert.js:53:33
    at D:\BackendCoderhouse\ProyectoFinal\node_modules\mongodb\lib\cmap\connection_pool.js:273:25
    at D:\BackendCoderhouse\ProyectoFinal\node_modules\mongodb\lib\sdam\server.js:212:17
    at handleOperationResult (D:\BackendCoderhouse\ProyectoFinal\node_modules\mongodb\lib\sdam\server.js:335:20)
    at Connection.onMessage (D:\BackendCoderhouse\ProyectoFinal\node_modules\mongodb\lib\cmap\connection.js:214:9)
    at MessageStream.<anonymous> (D:\BackendCoderhouse\ProyectoFinal\node_modules\mongodb\lib\cmap\connection.js:62:60)
    at MessageStream.emit (node:events:390:28)
    at processIncomingData (D:\BackendCoderhouse\ProyectoFinal\node_modules\mongodb\lib\cmap\message_stream.js:108:16)
    at MessageStream._write (D:\BackendCoderhouse\ProyectoFinal\node_modules\mongodb\lib\cmap\message_stream.js:28:9)
    at writeOrBuffer (node:internal/streams/writable:389:12) {
  index: 0,
  code: 11000,
  keyPattern: { email: 1 },
  keyValue: { email: null },
  [Symbol(errorLabels)]: Set(0) {}
}
[2022-07-01T00:00:15.001] [ERROR] error - ValidationError: address is a required field
    at createError (D:\BackendCoderhouse\ProyectoFinal\node_modules\yup\lib\util\createValidation.js:54:21)
    at D:\BackendCoderhouse\ProyectoFinal\node_modules\yup\lib\util\createValidation.js:72:107
    at processTicksAndRejections (node:internal/process/task_queues:96:5) {
  value: {
    lastErrorObject: { n: 0, updatedExisting: false },
    value: null,
    ok: 1,
    '$clusterTime': {
      clusterTime: new Timestamp({ t: 1656644411, i: 4 }),
      signature: [Object]
    },
    operationTime: new Timestamp({ t: 1656644411, i: 4 })
  },
  path: 'address',
  type: 'required',
  errors: [ 'address is a required field' ],
  params: {
    value: undefined,
    originalValue: undefined,
    label: undefined,
    path: 'address'
  },
  inner: []
}
[2022-07-01T00:00:15.043] [ERROR] error - MongoServerError: E11000 duplicate key error collection: ProyectoFinal.users index: email_1 dup key: { email: null }
    at D:\BackendCoderhouse\ProyectoFinal\node_modules\mongodb\lib\operations\insert.js:53:33
    at D:\BackendCoderhouse\ProyectoFinal\node_modules\mongodb\lib\cmap\connection_pool.js:273:25
    at D:\BackendCoderhouse\ProyectoFinal\node_modules\mongodb\lib\sdam\server.js:212:17
    at handleOperationResult (D:\BackendCoderhouse\ProyectoFinal\node_modules\mongodb\lib\sdam\server.js:335:20)
    at Connection.onMessage (D:\BackendCoderhouse\ProyectoFinal\node_modules\mongodb\lib\cmap\connection.js:214:9)
    at MessageStream.<anonymous> (D:\BackendCoderhouse\ProyectoFinal\node_modules\mongodb\lib\cmap\connection.js:62:60)
    at MessageStream.emit (node:events:390:28)
    at processIncomingData (D:\BackendCoderhouse\ProyectoFinal\node_modules\mongodb\lib\cmap\message_stream.js:108:16)
    at MessageStream._write (D:\BackendCoderhouse\ProyectoFinal\node_modules\mongodb\lib\cmap\message_stream.js:28:9)
    at writeOrBuffer (node:internal/streams/writable:389:12) {
  index: 0,
  code: 11000,
  keyPattern: { email: 1 },
  keyValue: { email: null },
  [Symbol(errorLabels)]: Set(0) {}
}
[2022-07-01T00:03:47.338] [ERROR] error - MongoInvalidArgumentError: Update document requires atomic operators
    at new UpdateOneOperation (D:\BackendCoderhouse\ProyectoFinal\node_modules\mongodb\lib\operations\update.js:72:19)
    at Collection.updateOne (D:\BackendCoderhouse\ProyectoFinal\node_modules\mongodb\lib\collection.js:169:64)
    at UserMongoDAO.updateById (D:\BackendCoderhouse\ProyectoFinal\models\daos\users\userMongoDao.js:59:51)
    at UserServices.createUserService (D:\BackendCoderhouse\ProyectoFinal\services\user.services.js:51:43)
    at processTicksAndRejections (node:internal/process/task_queues:96:5)
    at async UserControllers.createUserController (D:\BackendCoderhouse\ProyectoFinal\controllers\user.controllers.js:21:29)
    at async Strategy._verify (D:\BackendCoderhouse\ProyectoFinal\controllers\passport.js:40:25) {
  [Symbol(errorLabels)]: Set(0) {}
}
[2022-07-01T00:03:47.341] [ERROR] error - TypeError: Cannot read properties of undefined (reading 'name')
    at newRegisterNodemailer (D:\BackendCoderhouse\ProyectoFinal\utils\nodemailer.js:29:62)
    at UserServices.createUserService (D:\BackendCoderhouse\ProyectoFinal\services\user.services.js:54:15)
    at processTicksAndRejections (node:internal/process/task_queues:96:5)
    at async UserControllers.createUserController (D:\BackendCoderhouse\ProyectoFinal\controllers\user.controllers.js:21:29)
    at async Strategy._verify (D:\BackendCoderhouse\ProyectoFinal\controllers\passport.js:40:25)
[2022-07-01T00:03:47.344] [ERROR] error - ValidationError: address is a required field
    at createError (D:\BackendCoderhouse\ProyectoFinal\node_modules\yup\lib\util\createValidation.js:54:21)
    at D:\BackendCoderhouse\ProyectoFinal\node_modules\yup\lib\util\createValidation.js:72:107
    at processTicksAndRejections (node:internal/process/task_queues:96:5) {
  value: {
    cart: undefined,
    image: undefined,
    address: undefined,
    age: undefined,
    bday: undefined,
    phone: undefined,
    name: undefined,
    password: undefined,
    email: undefined
  },
  path: 'address',
  type: 'required',
  errors: [ 'address is a required field' ],
  params: {
    value: undefined,
    originalValue: undefined,
    label: undefined,
    path: 'address'
  },
  inner: []
}
[2022-07-01T00:06:22.476] [ERROR] error - ValidationError: address is a required field
    at createError (D:\BackendCoderhouse\ProyectoFinal\node_modules\yup\lib\util\createValidation.js:54:21)
    at D:\BackendCoderhouse\ProyectoFinal\node_modules\yup\lib\util\createValidation.js:72:107
    at processTicksAndRejections (node:internal/process/task_queues:96:5) {
  value: {
    acknowledged: true,
    modifiedCount: 0,
    upsertedId: null,
    upsertedCount: 0,
    matchedCount: 0
  },
  path: 'address',
  type: 'required',
  errors: [ 'address is a required field' ],
  params: {
    value: undefined,
    originalValue: undefined,
    label: undefined,
    path: 'address'
  },
  inner: []
}
[2022-07-01T00:10:19.989] [ERROR] error - ValidationError: address is a required field
    at createError (D:\BackendCoderhouse\ProyectoFinal\node_modules\yup\lib\util\createValidation.js:54:21)
    at D:\BackendCoderhouse\ProyectoFinal\node_modules\yup\lib\util\createValidation.js:72:107
    at processTicksAndRejections (node:internal/process/task_queues:96:5) {
  value: {
    acknowledged: true,
    modifiedCount: 0,
    upsertedId: null,
    upsertedCount: 0,
    matchedCount: 0
  },
  path: 'address',
  type: 'required',
  errors: [ 'address is a required field' ],
  params: {
    value: undefined,
    originalValue: undefined,
    label: undefined,
    path: 'address'
  },
  inner: []
}
[2022-07-01T00:11:47.284] [ERROR] error - ValidationError: address is a required field
    at createError (D:\BackendCoderhouse\ProyectoFinal\node_modules\yup\lib\util\createValidation.js:54:21)
    at D:\BackendCoderhouse\ProyectoFinal\node_modules\yup\lib\util\createValidation.js:72:107
    at processTicksAndRejections (node:internal/process/task_queues:96:5) {
  value: {
    acknowledged: true,
    modifiedCount: 1,
    upsertedId: null,
    upsertedCount: 0,
    matchedCount: 1
  },
  path: 'address',
  type: 'required',
  errors: [ 'address is a required field' ],
  params: {
    value: undefined,
    originalValue: undefined,
    label: undefined,
    path: 'address'
  },
  inner: []
}
[2022-07-01T00:14:34.964] [ERROR] error - MongoInvalidArgumentError: Update document requires atomic operators
    at new FindOneAndUpdateOperation (D:\BackendCoderhouse\ProyectoFinal\node_modules\mongodb\lib\operations\find_and_modify.js:140:19)
    at Collection.findOneAndUpdate (D:\BackendCoderhouse\ProyectoFinal\node_modules\mongodb\lib\collection.js:356:64)
    at UserMongoDAO.updateById (D:\BackendCoderhouse\ProyectoFinal\models\daos\users\userMongoDao.js:59:51)
    at UserServices.createUserService (D:\BackendCoderhouse\ProyectoFinal\services\user.services.js:53:43)
    at processTicksAndRejections (node:internal/process/task_queues:96:5)
    at async UserControllers.createUserController (D:\BackendCoderhouse\ProyectoFinal\controllers\user.controllers.js:21:29)
    at async Strategy._verify (D:\BackendCoderhouse\ProyectoFinal\controllers\passport.js:40:25) {
  [Symbol(errorLabels)]: Set(0) {}
}
[2022-07-01T00:14:34.966] [ERROR] error - TypeError: Cannot read properties of undefined (reading 'name')
    at newRegisterNodemailer (D:\BackendCoderhouse\ProyectoFinal\utils\nodemailer.js:29:62)
    at UserServices.createUserService (D:\BackendCoderhouse\ProyectoFinal\services\user.services.js:55:15)
    at processTicksAndRejections (node:internal/process/task_queues:96:5)
    at async UserControllers.createUserController (D:\BackendCoderhouse\ProyectoFinal\controllers\user.controllers.js:21:29)
    at async Strategy._verify (D:\BackendCoderhouse\ProyectoFinal\controllers\passport.js:40:25)
[2022-07-01T00:14:34.970] [ERROR] error - ValidationError: address is a required field
    at createError (D:\BackendCoderhouse\ProyectoFinal\node_modules\yup\lib\util\createValidation.js:54:21)
    at D:\BackendCoderhouse\ProyectoFinal\node_modules\yup\lib\util\createValidation.js:72:107
    at processTicksAndRejections (node:internal/process/task_queues:96:5) {
  value: {
    cart: undefined,
    image: undefined,
    address: undefined,
    age: undefined,
    bday: undefined,
    phone: undefined,
    name: undefined,
    password: undefined,
    email: undefined
  },
  path: 'address',
  type: 'required',
  errors: [ 'address is a required field' ],
  params: {
    value: undefined,
    originalValue: undefined,
    label: undefined,
    path: 'address'
  },
  inner: []
}
[2022-07-01T00:20:51.115] [ERROR] error - MongoInvalidArgumentError: Update document requires atomic operators
    at new FindOneAndUpdateOperation (D:\BackendCoderhouse\ProyectoFinal\node_modules\mongodb\lib\operations\find_and_modify.js:140:19)
    at Collection.findOneAndUpdate (D:\BackendCoderhouse\ProyectoFinal\node_modules\mongodb\lib\collection.js:356:64)
    at UserMongoDAO.updateById (D:\BackendCoderhouse\ProyectoFinal\models\daos\users\userMongoDao.js:59:51)
    at UserServices.createUserService (D:\BackendCoderhouse\ProyectoFinal\services\user.services.js:53:43)
    at processTicksAndRejections (node:internal/process/task_queues:96:5)
    at async UserControllers.createUserController (D:\BackendCoderhouse\ProyectoFinal\controllers\user.controllers.js:21:29)
    at async Strategy._verify (D:\BackendCoderhouse\ProyectoFinal\controllers\passport.js:40:25) {
  [Symbol(errorLabels)]: Set(0) {}
}
[2022-07-01T00:20:51.117] [ERROR] error - TypeError: Cannot read properties of undefined (reading 'name')
    at newRegisterNodemailer (D:\BackendCoderhouse\ProyectoFinal\utils\nodemailer.js:29:62)
    at UserServices.createUserService (D:\BackendCoderhouse\ProyectoFinal\services\user.services.js:55:15)
    at processTicksAndRejections (node:internal/process/task_queues:96:5)
    at async UserControllers.createUserController (D:\BackendCoderhouse\ProyectoFinal\controllers\user.controllers.js:21:29)
    at async Strategy._verify (D:\BackendCoderhouse\ProyectoFinal\controllers\passport.js:40:25)
[2022-07-01T00:20:51.120] [ERROR] error - ValidationError: address is a required field
    at createError (D:\BackendCoderhouse\ProyectoFinal\node_modules\yup\lib\util\createValidation.js:54:21)
    at D:\BackendCoderhouse\ProyectoFinal\node_modules\yup\lib\util\createValidation.js:72:107
    at processTicksAndRejections (node:internal/process/task_queues:96:5) {
  value: {
    cart: undefined,
    image: undefined,
    address: undefined,
    age: undefined,
    bday: undefined,
    phone: undefined,
    name: undefined,
    password: undefined,
    email: undefined
  },
  path: 'address',
  type: 'required',
  errors: [ 'address is a required field' ],
  params: {
    value: undefined,
    originalValue: undefined,
    label: undefined,
    path: 'address'
  },
  inner: []
}
[2022-07-01T00:22:40.157] [ERROR] error - ValidationError: address is a required field
    at createError (D:\BackendCoderhouse\ProyectoFinal\node_modules\yup\lib\util\createValidation.js:54:21)
    at D:\BackendCoderhouse\ProyectoFinal\node_modules\yup\lib\util\createValidation.js:72:107
    at processTicksAndRejections (node:internal/process/task_queues:96:5) {
  value: {
    lastErrorObject: { n: 1, updatedExisting: true },
    value: {
      _id: new ObjectId("62be687c975f451b7d458186"),
      email: 'a@a',
      password: '$2b$10$Uewa.3VAgzA75m3LxR.lN.TwGulFdd02Pqjze2ACM9b1nkAbFx49y',
      name: 'a',
      phone: '+541122525621',
      bday: '2018-12-09',
      age: 3,
      address: 'a',
      image: 'views\\media\\image-1656645756749.png'
    },
    ok: 1,
    '$clusterTime': {
      clusterTime: new Timestamp({ t: 1656645757, i: 2 }),
      signature: [Object]
    },
    operationTime: new Timestamp({ t: 1656645757, i: 2 })
  },
  path: 'address',
  type: 'required',
  errors: [ 'address is a required field' ],
  params: {
    value: undefined,
    originalValue: undefined,
    label: undefined,
    path: 'address'
  },
  inner: []
}
[2022-07-01T00:25:12.498] [ERROR] error - ValidationError: address is a required field
    at createError (D:\BackendCoderhouse\ProyectoFinal\node_modules\yup\lib\util\createValidation.js:54:21)
    at D:\BackendCoderhouse\ProyectoFinal\node_modules\yup\lib\util\createValidation.js:72:107
    at processTicksAndRejections (node:internal/process/task_queues:96:5) {
  value: {
    lastErrorObject: { n: 1, updatedExisting: true },
    value: {
      _id: new ObjectId("62be6916f7c5b260872cc203"),
      email: 'qqq@q',
      password: '$2b$10$fccDzEP5QcGsYqeGMvqfNOaJ6HIvUoz7PBWq/aASK0B3I5WA52/Om',
      name: 'qq',
      phone: '+541122526521',
      bday: '2018-12-09',
      age: 3,
      address: 'q',
      image: 'views\\media\\image-1656645910091.png'
    },
    ok: 1,
    '$clusterTime': {
      clusterTime: new Timestamp({ t: 1656645910, i: 6 }),
      signature: [Object]
    },
    operationTime: new Timestamp({ t: 1656645910, i: 6 })
  },
  path: 'address',
  type: 'required',
  errors: [ 'address is a required field' ],
  params: {
    value: undefined,
    originalValue: undefined,
    label: undefined,
    path: 'address'
  },
  inner: []
}
[2022-07-01T00:40:29.981] [ERROR] error - MongoInvalidArgumentError: Replacement document must not contain atomic operators
    at new ReplaceOneOperation (D:\BackendCoderhouse\ProyectoFinal\node_modules\mongodb\lib\operations\update.js:132:19)
    at Collection.replaceOne (D:\BackendCoderhouse\ProyectoFinal\node_modules\mongodb\lib\collection.js:174:64)
    at UserMongoDAO.updateById (D:\BackendCoderhouse\ProyectoFinal\models\daos\users\userMongoDao.js:59:51)
    at UserServices.createUserService (D:\BackendCoderhouse\ProyectoFinal\services\user.services.js:51:43)
    at processTicksAndRejections (node:internal/process/task_queues:96:5)
    at async UserControllers.createUserController (D:\BackendCoderhouse\ProyectoFinal\controllers\user.controllers.js:21:29)
    at async Strategy._verify (D:\BackendCoderhouse\ProyectoFinal\controllers\passport.js:40:25) {
  [Symbol(errorLabels)]: Set(0) {}
}
[2022-07-01T00:40:29.982] [ERROR] error - TypeError: Cannot read properties of undefined (reading 'value')
    at UserServices.createUserService (D:\BackendCoderhouse\ProyectoFinal\services\user.services.js:52:28)
    at processTicksAndRejections (node:internal/process/task_queues:96:5)
    at async UserControllers.createUserController (D:\BackendCoderhouse\ProyectoFinal\controllers\user.controllers.js:21:29)
    at async Strategy._verify (D:\BackendCoderhouse\ProyectoFinal\controllers\passport.js:40:25)
[2022-07-01T00:43:34.476] [ERROR] error - ValidationError: address is a required field
    at createError (D:\BackendCoderhouse\ProyectoFinal\node_modules\yup\lib\util\createValidation.js:54:21)
    at D:\BackendCoderhouse\ProyectoFinal\node_modules\yup\lib\util\createValidation.js:72:107
    at processTicksAndRejections (node:internal/process/task_queues:96:5) {
  value: {
    acknowledged: true,
    modifiedCount: 1,
    upsertedId: null,
    upsertedCount: 0,
    matchedCount: 1
  },
  path: 'address',
  type: 'required',
  errors: [ 'address is a required field' ],
  params: {
    value: undefined,
    originalValue: undefined,
    label: undefined,
    path: 'address'
  },
  inner: []
}
[2022-07-01T00:47:01.130] [ERROR] error - MongoInvalidArgumentError: Replacement document must not contain atomic operators
    at new ReplaceOneOperation (D:\BackendCoderhouse\ProyectoFinal\node_modules\mongodb\lib\operations\update.js:132:19)
    at Collection.replaceOne (D:\BackendCoderhouse\ProyectoFinal\node_modules\mongodb\lib\collection.js:174:64)
    at UserMongoDAO.updateById (D:\BackendCoderhouse\ProyectoFinal\models\daos\users\userMongoDao.js:59:51)
    at UserServices.createUserService (D:\BackendCoderhouse\ProyectoFinal\services\user.services.js:53:43)
    at processTicksAndRejections (node:internal/process/task_queues:96:5)
    at async UserControllers.createUserController (D:\BackendCoderhouse\ProyectoFinal\controllers\user.controllers.js:21:29)
    at async Strategy._verify (D:\BackendCoderhouse\ProyectoFinal\controllers\passport.js:40:25) {
  [Symbol(errorLabels)]: Set(0) {}
}
[2022-07-01T00:47:01.132] [ERROR] error - TypeError: Cannot read properties of undefined (reading 'name')
    at newRegisterNodemailer (D:\BackendCoderhouse\ProyectoFinal\utils\nodemailer.js:29:62)
    at UserServices.createUserService (D:\BackendCoderhouse\ProyectoFinal\services\user.services.js:55:15)
    at processTicksAndRejections (node:internal/process/task_queues:96:5)
    at async UserControllers.createUserController (D:\BackendCoderhouse\ProyectoFinal\controllers\user.controllers.js:21:29)
    at async Strategy._verify (D:\BackendCoderhouse\ProyectoFinal\controllers\passport.js:40:25)
[2022-07-01T00:47:01.137] [ERROR] error - ValidationError: address is a required field
    at createError (D:\BackendCoderhouse\ProyectoFinal\node_modules\yup\lib\util\createValidation.js:54:21)
    at D:\BackendCoderhouse\ProyectoFinal\node_modules\yup\lib\util\createValidation.js:72:107
    at processTicksAndRejections (node:internal/process/task_queues:96:5) {
  value: {
    cart: undefined,
    image: undefined,
    address: undefined,
    age: undefined,
    bday: undefined,
    phone: undefined,
    name: undefined,
    password: undefined,
    email: undefined
  },
  path: 'address',
  type: 'required',
  errors: [ 'address is a required field' ],
  params: {
    value: undefined,
    originalValue: undefined,
    label: undefined,
    path: 'address'
  },
  inner: []
}
[2022-07-01T00:49:53.766] [ERROR] error - ValidationError: address is a required field
    at createError (D:\BackendCoderhouse\ProyectoFinal\node_modules\yup\lib\util\createValidation.js:54:21)
    at D:\BackendCoderhouse\ProyectoFinal\node_modules\yup\lib\util\createValidation.js:72:107
    at runMicrotasks (<anonymous>)
    at processTicksAndRejections (node:internal/process/task_queues:96:5) {
  value: {
    acknowledged: true,
    modifiedCount: 1,
    upsertedId: null,
    upsertedCount: 0,
    matchedCount: 1
  },
  path: 'address',
  type: 'required',
  errors: [ 'address is a required field' ],
  params: {
    value: undefined,
    originalValue: undefined,
    label: undefined,
    path: 'address'
  },
  inner: []
}
[2022-07-01T00:53:06.223] [ERROR] error - ValidationError: age is a required field
    at createError (D:\BackendCoderhouse\ProyectoFinal\node_modules\yup\lib\util\createValidation.js:54:21)
    at D:\BackendCoderhouse\ProyectoFinal\node_modules\yup\lib\util\createValidation.js:72:107
    at processTicksAndRejections (node:internal/process/task_queues:96:5) {
  value: {
    acknowledged: true,
    modifiedCount: 1,
    upsertedId: null,
    upsertedCount: 0,
    matchedCount: 1
  },
  path: 'age',
  type: 'required',
  errors: [ 'age is a required field' ],
  params: {
    value: undefined,
    originalValue: undefined,
    label: undefined,
    path: 'age'
  },
  inner: []
}
[2022-07-01T00:55:02.267] [ERROR] error - MongoInvalidArgumentError: Replacement document must not contain atomic operators
    at new FindOneAndReplaceOperation (D:\BackendCoderhouse\ProyectoFinal\node_modules\mongodb\lib\operations\find_and_modify.js:122:19)
    at Collection.findOneAndReplace (D:\BackendCoderhouse\ProyectoFinal\node_modules\mongodb\lib\collection.js:351:64)
    at UserMongoDAO.updateById (D:\BackendCoderhouse\ProyectoFinal\models\daos\users\userMongoDao.js:59:51)
    at UserServices.createUserService (D:\BackendCoderhouse\ProyectoFinal\services\user.services.js:51:43)
    at processTicksAndRejections (node:internal/process/task_queues:96:5)
    at async UserControllers.createUserController (D:\BackendCoderhouse\ProyectoFinal\controllers\user.controllers.js:21:29)
    at async Strategy._verify (D:\BackendCoderhouse\ProyectoFinal\controllers\passport.js:40:25) {
  [Symbol(errorLabels)]: Set(0) {}
}
[2022-07-01T00:55:02.269] [ERROR] error - TypeError: Cannot read properties of undefined (reading 'name')
    at newRegisterNodemailer (D:\BackendCoderhouse\ProyectoFinal\utils\nodemailer.js:29:62)
    at UserServices.createUserService (D:\BackendCoderhouse\ProyectoFinal\services\user.services.js:53:15)
    at processTicksAndRejections (node:internal/process/task_queues:96:5)
    at async UserControllers.createUserController (D:\BackendCoderhouse\ProyectoFinal\controllers\user.controllers.js:21:29)
    at async Strategy._verify (D:\BackendCoderhouse\ProyectoFinal\controllers\passport.js:40:25)
[2022-07-01T00:55:02.273] [ERROR] error - ValidationError: age is a required field
    at createError (D:\BackendCoderhouse\ProyectoFinal\node_modules\yup\lib\util\createValidation.js:54:21)
    at D:\BackendCoderhouse\ProyectoFinal\node_modules\yup\lib\util\createValidation.js:72:107
    at processTicksAndRejections (node:internal/process/task_queues:96:5) {
  value: {
    cart: undefined,
    image: undefined,
    address: undefined,
    age: undefined,
    bday: undefined,
    phone: undefined,
    name: undefined,
    password: undefined,
    email: undefined
  },
  path: 'age',
  type: 'required',
  errors: [ 'age is a required field' ],
  params: {
    value: undefined,
    originalValue: undefined,
    label: undefined,
    path: 'age'
  },
  inner: []
}
[2022-07-01T00:55:41.545] [ERROR] error - ValidationError: age is a required field
    at createError (D:\BackendCoderhouse\ProyectoFinal\node_modules\yup\lib\util\createValidation.js:54:21)
    at D:\BackendCoderhouse\ProyectoFinal\node_modules\yup\lib\util\createValidation.js:72:107
    at processTicksAndRejections (node:internal/process/task_queues:96:5) {
  value: {
    acknowledged: true,
    modifiedCount: 1,
    upsertedId: null,
    upsertedCount: 0,
    matchedCount: 1
  },
  path: 'age',
  type: 'required',
  errors: [ 'age is a required field' ],
  params: {
    value: undefined,
    originalValue: undefined,
    label: undefined,
    path: 'age'
  },
  inner: []
}
[2022-07-01T00:56:29.738] [ERROR] error - ValidationError: bday must be a valid email
    at createError (D:\BackendCoderhouse\ProyectoFinal\node_modules\yup\lib\util\createValidation.js:54:21)
    at D:\BackendCoderhouse\ProyectoFinal\node_modules\yup\lib\util\createValidation.js:72:107
    at processTicksAndRejections (node:internal/process/task_queues:96:5) {
  value: {
    cart: '62be706bcc019bbb557c15ec',
    image: 'views\\media\\image-1656647787260.png',
    address: 'a',
    age: 3,
    bday: '2018-12-09',
    phone: '+541122526521',
    name: 'a',
    password: '$2b$10$ln0XO.4eAf5kxurQ.7zOEO.MRXfX6/tc5rlcEOpxylUurXSswLtZq',
    email: 'a@a',
    _id: new ObjectId("62be706bcc019bbb557c15ea")
  },
  path: 'bday',
  type: 'email',
  errors: [ 'bday must be a valid email' ],
  params: {
    value: '2018-12-09',
    originalValue: '2018-12-09',
    label: undefined,
    path: 'bday',
    regex: /^((([a-z]|\d|[!#\$%&'\*\+\-\/=\?\^_`{\|}~]|[\u00A0-\uD7FF\uF900-\uFDCF\uFDF0-\uFFEF])+(\.([a-z]|\d|[!#\$%&'\*\+\-\/=\?\^_`{\|}~]|[\u00A0-\uD7FF\uF900-\uFDCF\uFDF0-\uFFEF])+)*)|((\x22)((((\x20|\x09)*(\x0d\x0a))?(\x20|\x09)+)?(([\x01-\x08\x0b\x0c\x0e-\x1f\x7f]|\x21|[\x23-\x5b]|[\x5d-\x7e]|[\u00A0-\uD7FF\uF900-\uFDCF\uFDF0-\uFFEF])|(\\([\x01-\x09\x0b\x0c\x0d-\x7f]|[\u00A0-\uD7FF\uF900-\uFDCF\uFDF0-\uFFEF]))))*(((\x20|\x09)*(\x0d\x0a))?(\x20|\x09)+)?(\x22)))@((([a-z]|\d|[\u00A0-\uD7FF\uF900-\uFDCF\uFDF0-\uFFEF])|(([a-z]|\d|[\u00A0-\uD7FF\uF900-\uFDCF\uFDF0-\uFFEF])([a-z]|\d|-|\.|_|~|[\u00A0-\uD7FF\uF900-\uFDCF\uFDF0-\uFFEF])*([a-z]|\d|[\u00A0-\uD7FF\uF900-\uFDCF\uFDF0-\uFFEF])))\.)+(([a-z]|[\u00A0-\uD7FF\uF900-\uFDCF\uFDF0-\uFFEF])|(([a-z]|[\u00A0-\uD7FF\uF900-\uFDCF\uFDF0-\uFFEF])([a-z]|\d|-|\.|_|~|[\u00A0-\uD7FF\uF900-\uFDCF\uFDF0-\uFFEF])*([a-z]|[\u00A0-\uD7FF\uF900-\uFDCF\uFDF0-\uFFEF])))$/i
  },
  inner: []
}
[2022-07-01T00:57:11.528] [ERROR] error - ValidationError: email must be a valid email
    at createError (D:\BackendCoderhouse\ProyectoFinal\node_modules\yup\lib\util\createValidation.js:54:21)
    at D:\BackendCoderhouse\ProyectoFinal\node_modules\yup\lib\util\createValidation.js:72:107
    at processTicksAndRejections (node:internal/process/task_queues:96:5) {
  value: {
    cart: '62be7095be3ba34476dac4fb',
    image: 'views\\media\\image-1656647829314.png',
    address: 'asdf',
    age: 3,
    bday: '2018-12-09',
    phone: '+541122526521',
    name: 'asdf',
    password: '$2b$10$6smGt4Rp75opjbQ1oivAmeQ1koVHJYivA/SG.30595ZP388R86shy',
    email: 'asdf@asdfaa',
    _id: new ObjectId("62be7095be3ba34476dac4f9")
  },
  path: 'email',
  type: 'email',
  errors: [ 'email must be a valid email' ],
  params: {
    value: 'asdf@asdfaa',
    originalValue: 'asdf@asdfaa',
    label: undefined,
    path: 'email',
    regex: /^((([a-z]|\d|[!#\$%&'\*\+\-\/=\?\^_`{\|}~]|[\u00A0-\uD7FF\uF900-\uFDCF\uFDF0-\uFFEF])+(\.([a-z]|\d|[!#\$%&'\*\+\-\/=\?\^_`{\|}~]|[\u00A0-\uD7FF\uF900-\uFDCF\uFDF0-\uFFEF])+)*)|((\x22)((((\x20|\x09)*(\x0d\x0a))?(\x20|\x09)+)?(([\x01-\x08\x0b\x0c\x0e-\x1f\x7f]|\x21|[\x23-\x5b]|[\x5d-\x7e]|[\u00A0-\uD7FF\uF900-\uFDCF\uFDF0-\uFFEF])|(\\([\x01-\x09\x0b\x0c\x0d-\x7f]|[\u00A0-\uD7FF\uF900-\uFDCF\uFDF0-\uFFEF]))))*(((\x20|\x09)*(\x0d\x0a))?(\x20|\x09)+)?(\x22)))@((([a-z]|\d|[\u00A0-\uD7FF\uF900-\uFDCF\uFDF0-\uFFEF])|(([a-z]|\d|[\u00A0-\uD7FF\uF900-\uFDCF\uFDF0-\uFFEF])([a-z]|\d|-|\.|_|~|[\u00A0-\uD7FF\uF900-\uFDCF\uFDF0-\uFFEF])*([a-z]|\d|[\u00A0-\uD7FF\uF900-\uFDCF\uFDF0-\uFFEF])))\.)+(([a-z]|[\u00A0-\uD7FF\uF900-\uFDCF\uFDF0-\uFFEF])|(([a-z]|[\u00A0-\uD7FF\uF900-\uFDCF\uFDF0-\uFFEF])([a-z]|\d|-|\.|_|~|[\u00A0-\uD7FF\uF900-\uFDCF\uFDF0-\uFFEF])*([a-z]|[\u00A0-\uD7FF\uF900-\uFDCF\uFDF0-\uFFEF])))$/i
  },
  inner: []
}
[2022-07-02T20:48:12.895] [ERROR] error - Error: TypeError: Cannot read properties of undefined (reading 'find')
    at ProductsMongoDAO.getAll (D:\BackendCoderhouse\ProyectoFinal\models\daos\products\ProductsDaoMongoDB.js:34:25)
    at D:\BackendCoderhouse\ProyectoFinal\routers\indexRoutes.js:26:47
    at Layer.handle [as handle_request] (D:\BackendCoderhouse\ProyectoFinal\node_modules\express\lib\router\layer.js:95:5)
    at next (D:\BackendCoderhouse\ProyectoFinal\node_modules\express\lib\router\route.js:144:13)
    at Route.dispatch (D:\BackendCoderhouse\ProyectoFinal\node_modules\express\lib\router\route.js:114:3)
    at Layer.handle [as handle_request] (D:\BackendCoderhouse\ProyectoFinal\node_modules\express\lib\router\layer.js:95:5)
    at D:\BackendCoderhouse\ProyectoFinal\node_modules\express\lib\router\index.js:284:15
    at Function.process_params (D:\BackendCoderhouse\ProyectoFinal\node_modules\express\lib\router\index.js:346:12)
    at next (D:\BackendCoderhouse\ProyectoFinal\node_modules\express\lib\router\index.js:280:10)
    at urlencodedParser (D:\BackendCoderhouse\ProyectoFinal\node_modules\body-parser\lib\types\urlencoded.js:91:7)
[2022-07-02T20:48:12.899] [ERROR] error - Error: ReferenceError: STATUS is not defined
    at D:\BackendCoderhouse\ProyectoFinal\routers\indexRoutes.js:34:27
    at processTicksAndRejections (node:internal/process/task_queues:96:5)
[2022-07-02T20:48:37.058] [ERROR] error - Error: TypeError: cartDao.getById is not a function
    at D:\BackendCoderhouse\ProyectoFinal\routers\indexRoutes.js:34:27
    at processTicksAndRejections (node:internal/process/task_queues:96:5)
[2022-07-02T21:35:05.346] [ERROR] error - Error: ReferenceError: productsDao is not defined
    at D:\BackendCoderhouse\ProyectoFinal\routers\indexRoutes.js:34:27
    at Layer.handle [as handle_request] (D:\BackendCoderhouse\ProyectoFinal\node_modules\express\lib\router\layer.js:95:5)
    at next (D:\BackendCoderhouse\ProyectoFinal\node_modules\express\lib\router\route.js:144:13)
    at Route.dispatch (D:\BackendCoderhouse\ProyectoFinal\node_modules\express\lib\router\route.js:114:3)
    at Layer.handle [as handle_request] (D:\BackendCoderhouse\ProyectoFinal\node_modules\express\lib\router\layer.js:95:5)
    at D:\BackendCoderhouse\ProyectoFinal\node_modules\express\lib\router\index.js:284:15
    at Function.process_params (D:\BackendCoderhouse\ProyectoFinal\node_modules\express\lib\router\index.js:346:12)
    at next (D:\BackendCoderhouse\ProyectoFinal\node_modules\express\lib\router\index.js:280:10)
    at urlencodedParser (D:\BackendCoderhouse\ProyectoFinal\node_modules\body-parser\lib\types\urlencoded.js:91:7)
    at Layer.handle [as handle_request] (D:\BackendCoderhouse\ProyectoFinal\node_modules\express\lib\router\layer.js:95:5)
[2022-07-02T21:35:10.478] [ERROR] error - Error: ReferenceError: productsDao is not defined
    at D:\BackendCoderhouse\ProyectoFinal\routers\indexRoutes.js:34:27
    at Layer.handle [as handle_request] (D:\BackendCoderhouse\ProyectoFinal\node_modules\express\lib\router\layer.js:95:5)
    at next (D:\BackendCoderhouse\ProyectoFinal\node_modules\express\lib\router\route.js:144:13)
    at Route.dispatch (D:\BackendCoderhouse\ProyectoFinal\node_modules\express\lib\router\route.js:114:3)
    at Layer.handle [as handle_request] (D:\BackendCoderhouse\ProyectoFinal\node_modules\express\lib\router\layer.js:95:5)
    at D:\BackendCoderhouse\ProyectoFinal\node_modules\express\lib\router\index.js:284:15
    at Function.process_params (D:\BackendCoderhouse\ProyectoFinal\node_modules\express\lib\router\index.js:346:12)
    at next (D:\BackendCoderhouse\ProyectoFinal\node_modules\express\lib\router\index.js:280:10)
    at urlencodedParser (D:\BackendCoderhouse\ProyectoFinal\node_modules\body-parser\lib\types\urlencoded.js:91:7)
    at Layer.handle [as handle_request] (D:\BackendCoderhouse\ProyectoFinal\node_modules\express\lib\router\layer.js:95:5)
[2022-07-02T21:44:32.078] [ERROR] error - Error: ReferenceError: productsDao is not defined
    at D:\BackendCoderhouse\ProyectoFinal\routers\indexRoutes.js:34:27
    at Layer.handle [as handle_request] (D:\BackendCoderhouse\ProyectoFinal\node_modules\express\lib\router\layer.js:95:5)
    at next (D:\BackendCoderhouse\ProyectoFinal\node_modules\express\lib\router\route.js:144:13)
    at Route.dispatch (D:\BackendCoderhouse\ProyectoFinal\node_modules\express\lib\router\route.js:114:3)
    at Layer.handle [as handle_request] (D:\BackendCoderhouse\ProyectoFinal\node_modules\express\lib\router\layer.js:95:5)
    at D:\BackendCoderhouse\ProyectoFinal\node_modules\express\lib\router\index.js:284:15
    at Function.process_params (D:\BackendCoderhouse\ProyectoFinal\node_modules\express\lib\router\index.js:346:12)
    at next (D:\BackendCoderhouse\ProyectoFinal\node_modules\express\lib\router\index.js:280:10)
    at urlencodedParser (D:\BackendCoderhouse\ProyectoFinal\node_modules\body-parser\lib\types\urlencoded.js:91:7)
    at Layer.handle [as handle_request] (D:\BackendCoderhouse\ProyectoFinal\node_modules\express\lib\router\layer.js:95:5)
[2022-07-02T21:50:24.503] [ERROR] error - Error: TypeError: Cannot read properties of undefined (reading 'find')
    at ProductsMongoDAO.getAll (D:\BackendCoderhouse\ProyectoFinal\models\daos\products\ProductsDaoMongoDB.js:34:25)
    at ProductServices.getAllProductsService (D:\BackendCoderhouse\ProyectoFinal\services\product.services.js:27:34)
    at ProductsController.getAllProducts (D:\BackendCoderhouse\ProyectoFinal\controllers\products.controller.js:8:56)
    at D:\BackendCoderhouse\ProyectoFinal\routers\indexRoutes.js:26:54
    at Layer.handle [as handle_request] (D:\BackendCoderhouse\ProyectoFinal\node_modules\express\lib\router\layer.js:95:5)
    at next (D:\BackendCoderhouse\ProyectoFinal\node_modules\express\lib\router\route.js:144:13)
    at Route.dispatch (D:\BackendCoderhouse\ProyectoFinal\node_modules\express\lib\router\route.js:114:3)
    at Layer.handle [as handle_request] (D:\BackendCoderhouse\ProyectoFinal\node_modules\express\lib\router\layer.js:95:5)
    at D:\BackendCoderhouse\ProyectoFinal\node_modules\express\lib\router\index.js:284:15
    at Function.process_params (D:\BackendCoderhouse\ProyectoFinal\node_modules\express\lib\router\index.js:346:12)
[2022-07-02T21:50:24.506] [ERROR] error - Error: ReferenceError: STATUS is not defined
    at D:\BackendCoderhouse\ProyectoFinal\routers\indexRoutes.js:34:27
    at processTicksAndRejections (node:internal/process/task_queues:96:5)
[2022-07-02T21:51:13.609] [ERROR] error - Error: TypeError: Cannot read properties of undefined (reading 'find')
    at ProductsMongoDAO.getAll (D:\BackendCoderhouse\ProyectoFinal\models\daos\products\ProductsDaoMongoDB.js:34:25)
    at ProductServices.getAllProductsService (D:\BackendCoderhouse\ProyectoFinal\services\product.services.js:27:34)
    at ProductsController.getAllProducts (D:\BackendCoderhouse\ProyectoFinal\controllers\products.controller.js:8:56)
    at D:\BackendCoderhouse\ProyectoFinal\routers\indexRoutes.js:26:54
    at Layer.handle [as handle_request] (D:\BackendCoderhouse\ProyectoFinal\node_modules\express\lib\router\layer.js:95:5)
    at next (D:\BackendCoderhouse\ProyectoFinal\node_modules\express\lib\router\route.js:144:13)
    at Route.dispatch (D:\BackendCoderhouse\ProyectoFinal\node_modules\express\lib\router\route.js:114:3)
    at Layer.handle [as handle_request] (D:\BackendCoderhouse\ProyectoFinal\node_modules\express\lib\router\layer.js:95:5)
    at D:\BackendCoderhouse\ProyectoFinal\node_modules\express\lib\router\index.js:284:15
    at Function.process_params (D:\BackendCoderhouse\ProyectoFinal\node_modules\express\lib\router\index.js:346:12)
[2022-07-02T21:51:13.611] [ERROR] error - Error: ReferenceError: STATUS is not defined
    at D:\BackendCoderhouse\ProyectoFinal\routers\indexRoutes.js:35:27
    at processTicksAndRejections (node:internal/process/task_queues:96:5)
[2022-07-02T21:54:15.320] [ERROR] error - TypeError: postNewCart is not a function
    at UserServices.createUserService (D:\BackendCoderhouse\ProyectoFinal\services\user.services.js:50:55)
    at processTicksAndRejections (node:internal/process/task_queues:96:5)
    at async UserControllers.createUserController (D:\BackendCoderhouse\ProyectoFinal\controllers\user.controllers.js:21:29)
    at async Strategy._verify (D:\BackendCoderhouse\ProyectoFinal\controllers\passport.js:40:25)
[2022-07-02T22:57:15.255] [ERROR] error - ValidationError: cart must be a `string` type, but the final value was: `{
  "createdAt": "1656813435206",
  "updatedAt": "1656813435206",
  "_id": "62c0f77b48fea16d00b02651"
}`.
    at Object.createError (D:\BackendCoderhouse\ProyectoFinal\node_modules\yup\lib\util\createValidation.js:54:21)
    at Object.test (D:\BackendCoderhouse\ProyectoFinal\node_modules\yup\lib\schema.js:478:76)
    at validate (D:\BackendCoderhouse\ProyectoFinal\node_modules\yup\lib\util\createValidation.js:71:30)
    at runTests (D:\BackendCoderhouse\ProyectoFinal\node_modules\yup\lib\util\runTests.js:39:5)
    at StringSchema._validate (D:\BackendCoderhouse\ProyectoFinal\node_modules\yup\lib\schema.js:246:27)
    at StringSchema.validate (D:\BackendCoderhouse\ProyectoFinal\node_modules\yup\lib\schema.js:271:51)
    at D:\BackendCoderhouse\ProyectoFinal\node_modules\yup\lib\object.js:182:17
    at runTests (D:\BackendCoderhouse\ProyectoFinal\node_modules\yup\lib\util\runTests.js:39:5)
    at D:\BackendCoderhouse\ProyectoFinal\node_modules\yup\lib\object.js:199:29
    at D:\BackendCoderhouse\ProyectoFinal\node_modules\yup\lib\util\runTests.js:17:5 {
  value: {
    email: 'asdfqewr@asdf',
    password: '$2b$10$.45vu7ZyVxAaPBAM.K3S8OyyERIFlOpZ0nLRSCkZURiQ6aO.3R8ie',
    name: 'asdf',
    phone: '+541122526521',
    bday: '2018-12-09',
    age: 3,
    address: 'asdf',
    image: 'views\\media\\image-1656813435097.jpeg',
    createdAt: 1656813435161,
    updatedAt: 1656813435161,
    _id: new ObjectId("62c0f77b48fea16d00b02650"),
    cart: UserDTO {
      createdAt: 1656813435206,
      updatedAt: 1656813435206,
      _id: new ObjectId("62c0f77b48fea16d00b02651"),
      [Symbol(id)]: <Buffer 62 c0 f7 7b 48 fe a1 6d 00 b0 26 50>
    }
  },
  path: 'cart',
  type: 'typeError',
  errors: [
    'cart must be a `string` type, but the final value was: `{\n' +
      '  "createdAt": "1656813435206",\n' +
      '  "updatedAt": "1656813435206",\n' +
      '  "_id": "62c0f77b48fea16d00b02651"\n' +
      '}`.'
  ],
  params: {
    value: UserDTO {
      createdAt: 1656813435206,
      updatedAt: 1656813435206,
      _id: new ObjectId("62c0f77b48fea16d00b02651"),
      [Symbol(id)]: <Buffer 62 c0 f7 7b 48 fe a1 6d 00 b0 26 50>
    },
    originalValue: UserDTO {
      createdAt: 1656813435206,
      updatedAt: 1656813435206,
      _id: new ObjectId("62c0f77b48fea16d00b02651"),
      [Symbol(id)]: <Buffer 62 c0 f7 7b 48 fe a1 6d 00 b0 26 50>
    },
    label: undefined,
    path: 'cart',
    type: 'string'
  },
  inner: []
}
[2022-07-02T23:24:05.772] [ERROR] error - ValidationError: cart must be a `string` type, but the final value was: `{
  "createdAt": "1656815045723",
  "updatedAt": "1656815045723",
  "_id": "62c0fdc50631df2510e8f085"
}`.
    at Object.createError (D:\BackendCoderhouse\ProyectoFinal\node_modules\yup\lib\util\createValidation.js:54:21)
    at Object.test (D:\BackendCoderhouse\ProyectoFinal\node_modules\yup\lib\schema.js:478:76)
    at validate (D:\BackendCoderhouse\ProyectoFinal\node_modules\yup\lib\util\createValidation.js:71:30)
    at runTests (D:\BackendCoderhouse\ProyectoFinal\node_modules\yup\lib\util\runTests.js:39:5)
    at StringSchema._validate (D:\BackendCoderhouse\ProyectoFinal\node_modules\yup\lib\schema.js:246:27)
    at StringSchema.validate (D:\BackendCoderhouse\ProyectoFinal\node_modules\yup\lib\schema.js:271:51)
    at D:\BackendCoderhouse\ProyectoFinal\node_modules\yup\lib\object.js:182:17
    at runTests (D:\BackendCoderhouse\ProyectoFinal\node_modules\yup\lib\util\runTests.js:39:5)
    at D:\BackendCoderhouse\ProyectoFinal\node_modules\yup\lib\object.js:199:29
    at D:\BackendCoderhouse\ProyectoFinal\node_modules\yup\lib\util\runTests.js:17:5 {
  value: {
    email: 'qwerq@qwerq',
    password: '$2b$10$cYX9mW5Vd5N6Ymf78yXaZeFXikip56JHszuoKj3C.Ua.dEGgGoEVS',
    name: 'qwer',
    phone: '+541122526521',
    bday: '2018-12-09',
    age: 3,
    address: 'qwer',
    image: 'views\\media\\image-1656815045599.png',
    createdAt: 1656815045678,
    updatedAt: 1656815045678,
    _id: new ObjectId("62c0fdc50631df2510e8f084"),
    cart: CartDTO {
      createdAt: 1656815045723,
      updatedAt: 1656815045723,
      _id: new ObjectId("62c0fdc50631df2510e8f085"),
      [Symbol(id)]: <Buffer 62 c0 fd c5 06 31 df 25 10 e8 f0 84>
    }
  },
  path: 'cart',
  type: 'typeError',
  errors: [
    'cart must be a `string` type, but the final value was: `{\n' +
      '  "createdAt": "1656815045723",\n' +
      '  "updatedAt": "1656815045723",\n' +
      '  "_id": "62c0fdc50631df2510e8f085"\n' +
      '}`.'
  ],
  params: {
    value: CartDTO {
      createdAt: 1656815045723,
      updatedAt: 1656815045723,
      _id: new ObjectId("62c0fdc50631df2510e8f085"),
      [Symbol(id)]: <Buffer 62 c0 fd c5 06 31 df 25 10 e8 f0 84>
    },
    originalValue: CartDTO {
      createdAt: 1656815045723,
      updatedAt: 1656815045723,
      _id: new ObjectId("62c0fdc50631df2510e8f085"),
      [Symbol(id)]: <Buffer 62 c0 fd c5 06 31 df 25 10 e8 f0 84>
    },
    label: undefined,
    path: 'cart',
    type: 'string'
  },
  inner: []
}
[2022-07-02T23:25:08.959] [ERROR] error - ValidationError: cart must be a `string` type, but the final value was: `{
  "createdAt": "1656815108914",
  "updatedAt": "1656815108914",
  "_id": "62c0fe04c9b1a7203b49e855"
}`.
    at Object.createError (D:\BackendCoderhouse\ProyectoFinal\node_modules\yup\lib\util\createValidation.js:54:21)
    at Object.test (D:\BackendCoderhouse\ProyectoFinal\node_modules\yup\lib\schema.js:478:76)
    at validate (D:\BackendCoderhouse\ProyectoFinal\node_modules\yup\lib\util\createValidation.js:71:30)
    at runTests (D:\BackendCoderhouse\ProyectoFinal\node_modules\yup\lib\util\runTests.js:39:5)
    at StringSchema._validate (D:\BackendCoderhouse\ProyectoFinal\node_modules\yup\lib\schema.js:246:27)
    at StringSchema.validate (D:\BackendCoderhouse\ProyectoFinal\node_modules\yup\lib\schema.js:271:51)
    at D:\BackendCoderhouse\ProyectoFinal\node_modules\yup\lib\object.js:182:17
    at runTests (D:\BackendCoderhouse\ProyectoFinal\node_modules\yup\lib\util\runTests.js:39:5)
    at D:\BackendCoderhouse\ProyectoFinal\node_modules\yup\lib\object.js:199:29
    at D:\BackendCoderhouse\ProyectoFinal\node_modules\yup\lib\util\runTests.js:17:5 {
  value: {
    email: 'r@r',
    password: '$2b$10$PHHI8KmpSdB69jMmEjPeO.R5Lnf3zOmeqs6KO24k0vyEJm1JgaQma',
    name: 'qwer',
    phone: '+541122526521',
    bday: '2018-12-09',
    age: 3,
    address: 'w',
    image: 'views\\media\\image-1656815108686.png',
    createdAt: 1656815108775,
    updatedAt: 1656815108775,
    _id: new ObjectId("62c0fe04c9b1a7203b49e854"),
    cart: CartDTO {
      createdAt: 1656815108914,
      updatedAt: 1656815108914,
      _id: new ObjectId("62c0fe04c9b1a7203b49e855"),
      [Symbol(id)]: <Buffer 62 c0 fe 04 c9 b1 a7 20 3b 49 e8 54>
    }
  },
  path: 'cart',
  type: 'typeError',
  errors: [
    'cart must be a `string` type, but the final value was: `{\n' +
      '  "createdAt": "1656815108914",\n' +
      '  "updatedAt": "1656815108914",\n' +
      '  "_id": "62c0fe04c9b1a7203b49e855"\n' +
      '}`.'
  ],
  params: {
    value: CartDTO {
      createdAt: 1656815108914,
      updatedAt: 1656815108914,
      _id: new ObjectId("62c0fe04c9b1a7203b49e855"),
      [Symbol(id)]: <Buffer 62 c0 fe 04 c9 b1 a7 20 3b 49 e8 54>
    },
    originalValue: CartDTO {
      createdAt: 1656815108914,
      updatedAt: 1656815108914,
      _id: new ObjectId("62c0fe04c9b1a7203b49e855"),
      [Symbol(id)]: <Buffer 62 c0 fe 04 c9 b1 a7 20 3b 49 e8 54>
    },
    label: undefined,
    path: 'cart',
    type: 'string'
  },
  inner: []
}
[2022-07-02T23:27:07.933] [ERROR] error - TypeError: Cannot read properties of undefined (reading 'createdAt')
    at new CartDTO (D:\BackendCoderhouse\ProyectoFinal\models\dtos\user.dto.js:4:33)
    at CartMongoDAO.createCart (D:\BackendCoderhouse\ProyectoFinal\models\daos\cart\CartDaoMongoDB.js:59:29)
    at UserServices.createUserService (D:\BackendCoderhouse\ProyectoFinal\services\user.services.js:50:68)
    at runMicrotasks (<anonymous>)
    at processTicksAndRejections (node:internal/process/task_queues:96:5)
    at async UserControllers.createUserController (D:\BackendCoderhouse\ProyectoFinal\controllers\user.controllers.js:21:29)
    at async Strategy._verify (D:\BackendCoderhouse\ProyectoFinal\controllers\passport.js:40:25)
[2022-07-02T23:27:10.202] [ERROR] error - Error: ReferenceError: CustomError is not defined
    at D:\BackendCoderhouse\ProyectoFinal\routers\indexRoutes.js:34:27
    at runMicrotasks (<anonymous>)
    at processTicksAndRejections (node:internal/process/task_queues:96:5)
[2022-07-02T23:30:34.617] [ERROR] error - Error: ReferenceError: CustomError is not defined
    at D:\BackendCoderhouse\ProyectoFinal\routers\indexRoutes.js:34:27
    at processTicksAndRejections (node:internal/process/task_queues:96:5)
[2022-07-02T23:31:33.624] [ERROR] error - Error: TypeError: Cannot read properties of undefined (reading 'find')
    at ProductsMongoDAO.getAll (D:\BackendCoderhouse\ProyectoFinal\models\daos\products\ProductsDaoMongoDB.js:35:25)
    at ProductServices.getAllProductsService (D:\BackendCoderhouse\ProyectoFinal\services\product.services.js:27:34)
    at ProductsController.getAllProducts (D:\BackendCoderhouse\ProyectoFinal\controllers\products.controller.js:8:56)
    at D:\BackendCoderhouse\ProyectoFinal\routers\indexRoutes.js:26:54
    at Layer.handle [as handle_request] (D:\BackendCoderhouse\ProyectoFinal\node_modules\express\lib\router\layer.js:95:5)
    at next (D:\BackendCoderhouse\ProyectoFinal\node_modules\express\lib\router\route.js:144:13)
    at Route.dispatch (D:\BackendCoderhouse\ProyectoFinal\node_modules\express\lib\router\route.js:114:3)
    at Layer.handle [as handle_request] (D:\BackendCoderhouse\ProyectoFinal\node_modules\express\lib\router\layer.js:95:5)
    at D:\BackendCoderhouse\ProyectoFinal\node_modules\express\lib\router\index.js:284:15
    at Function.process_params (D:\BackendCoderhouse\ProyectoFinal\node_modules\express\lib\router\index.js:346:12)
[2022-07-02T23:31:33.627] [ERROR] error - Error: [object Object]
    at D:\BackendCoderhouse\ProyectoFinal\routers\indexRoutes.js:34:27
    at processTicksAndRejections (node:internal/process/task_queues:96:5)
[2022-07-02T23:32:27.822] [ERROR] error - Error: ReferenceError: CustomError is not defined
    at D:\BackendCoderhouse\ProyectoFinal\routers\indexRoutes.js:34:27
    at runMicrotasks (<anonymous>)
    at processTicksAndRejections (node:internal/process/task_queues:96:5)
[2022-07-02T23:33:55.609] [ERROR] error - ReferenceError: CustomError is not defined
    at CartMongoDAO.getCartById (D:\BackendCoderhouse\ProyectoFinal\models\daos\cart\CartDaoMongoDB.js:49:13)
    at CartServices.getCartByIdService (D:\BackendCoderhouse\ProyectoFinal\services\cart.services.js:33:44)
    at CartController.getCartById (D:\BackendCoderhouse\ProyectoFinal\controllers\cart.controller.js:11:49)
    at D:\BackendCoderhouse\ProyectoFinal\routers\indexRoutes.js:28:54
    at processTicksAndRejections (node:internal/process/task_queues:96:5)
[2022-07-02T23:36:17.657] [ERROR] error - CustomError {
  status: 500,
  message: 'Error fetching cart with id 62c1009f103cec14e0a58f50',
  details: ReferenceError: ObjectId is not defined
      at CartMongoDAO.getCartById (D:\BackendCoderhouse\ProyectoFinal\models\daos\cart\CartDaoMongoDB.js:47:67)
      at CartServices.getCartByIdService (D:\BackendCoderhouse\ProyectoFinal\services\cart.services.js:33:44)
      at CartController.getCartById (D:\BackendCoderhouse\ProyectoFinal\controllers\cart.controller.js:11:49)
      at D:\BackendCoderhouse\ProyectoFinal\routers\indexRoutes.js:28:54
      at processTicksAndRejections (node:internal/process/task_queues:96:5)
}
[2022-07-02T23:37:31.437] [ERROR] error - CustomError {
  status: 500,
  message: 'Error fetching cart with id 62c100e9ddeb16874bdf43fe',
  details: ReferenceError: ObjectId is not defined
      at CartMongoDAO.getCartById (D:\BackendCoderhouse\ProyectoFinal\models\daos\cart\CartDaoMongoDB.js:47:67)
      at CartServices.getCartByIdService (D:\BackendCoderhouse\ProyectoFinal\services\cart.services.js:33:44)
      at CartController.getCartById (D:\BackendCoderhouse\ProyectoFinal\controllers\cart.controller.js:11:49)
      at D:\BackendCoderhouse\ProyectoFinal\routers\indexRoutes.js:28:54
      at processTicksAndRejections (node:internal/process/task_queues:96:5)
}
[2022-07-02T23:38:25.839] [ERROR] error - Error: TypeError: Cannot read properties of undefined (reading 'find')
    at ProductsMongoDAO.getAll (D:\BackendCoderhouse\ProyectoFinal\models\daos\products\ProductsDaoMongoDB.js:35:25)
    at ProductServices.getAllProductsService (D:\BackendCoderhouse\ProyectoFinal\services\product.services.js:27:34)
    at ProductsController.getAllProducts (D:\BackendCoderhouse\ProyectoFinal\controllers\products.controller.js:8:56)
    at D:\BackendCoderhouse\ProyectoFinal\routers\indexRoutes.js:26:54
    at Layer.handle [as handle_request] (D:\BackendCoderhouse\ProyectoFinal\node_modules\express\lib\router\layer.js:95:5)
    at next (D:\BackendCoderhouse\ProyectoFinal\node_modules\express\lib\router\route.js:144:13)
    at Route.dispatch (D:\BackendCoderhouse\ProyectoFinal\node_modules\express\lib\router\route.js:114:3)
    at Layer.handle [as handle_request] (D:\BackendCoderhouse\ProyectoFinal\node_modules\express\lib\router\layer.js:95:5)
    at D:\BackendCoderhouse\ProyectoFinal\node_modules\express\lib\router\index.js:284:15
    at Function.process_params (D:\BackendCoderhouse\ProyectoFinal\node_modules\express\lib\router\index.js:346:12)
[2022-07-02T23:38:25.841] [ERROR] error - CustomError {
  status: 500,
  message: 'Error fetching all products',
  details: TypeError: Cannot read properties of undefined (reading 'find')
      at ProductsMongoDAO.getAll (D:\BackendCoderhouse\ProyectoFinal\models\daos\products\ProductsDaoMongoDB.js:33:39)
      at ProductServices.getAllProductsService (D:\BackendCoderhouse\ProyectoFinal\services\product.services.js:27:34)
      at ProductsController.getAllProducts (D:\BackendCoderhouse\ProyectoFinal\controllers\products.controller.js:8:56)
      at D:\BackendCoderhouse\ProyectoFinal\routers\indexRoutes.js:26:54
      at Layer.handle [as handle_request] (D:\BackendCoderhouse\ProyectoFinal\node_modules\express\lib\router\layer.js:95:5)
      at next (D:\BackendCoderhouse\ProyectoFinal\node_modules\express\lib\router\route.js:144:13)
      at Route.dispatch (D:\BackendCoderhouse\ProyectoFinal\node_modules\express\lib\router\route.js:114:3)
      at Layer.handle [as handle_request] (D:\BackendCoderhouse\ProyectoFinal\node_modules\express\lib\router\layer.js:95:5)
      at D:\BackendCoderhouse\ProyectoFinal\node_modules\express\lib\router\index.js:284:15
      at Function.process_params (D:\BackendCoderhouse\ProyectoFinal\node_modules\express\lib\router\index.js:346:12)
}
[2022-07-16T21:19:14.576] [ERROR] error - TypeError: this.userDAO.postNewUser is not a function
    at UserServices.createUserService (D:\BackendCoderhouse\ProyectoFinal\services\user.services.js:45:44)
    at UserControllers.createUserController (D:\BackendCoderhouse\ProyectoFinal\controllers\user.controllers.js:21:48)
    at Strategy._verify (D:\BackendCoderhouse\ProyectoFinal\middlewares\passport.js:40:46)
    at Strategy.authenticate (D:\BackendCoderhouse\ProyectoFinal\node_modules\passport-local\lib\strategy.js:88:12)
    at attempt (D:\BackendCoderhouse\ProyectoFinal\node_modules\passport\lib\middleware\authenticate.js:369:16)
    at authenticate (D:\BackendCoderhouse\ProyectoFinal\node_modules\passport\lib\middleware\authenticate.js:370:7)
    at Layer.handle [as handle_request] (D:\BackendCoderhouse\ProyectoFinal\node_modules\express\lib\router\layer.js:95:5)
    at next (D:\BackendCoderhouse\ProyectoFinal\node_modules\express\lib\router\route.js:144:13)
    at Immediate.<anonymous> (D:\BackendCoderhouse\ProyectoFinal\node_modules\multer\lib\make-middleware.js:53:37)
    at processImmediate (node:internal/timers:466:21)
[2022-07-16T21:20:46.085] [ERROR] error - TypeError: uuid is not a function
    at UsersMemDAO.postNewUser (D:\BackendCoderhouse\ProyectoFinal\models\daos\users\userMemDao.js:31:47)
    at UserServices.createUserService (D:\BackendCoderhouse\ProyectoFinal\services\user.services.js:45:44)
    at UserControllers.createUserController (D:\BackendCoderhouse\ProyectoFinal\controllers\user.controllers.js:21:48)
    at Strategy._verify (D:\BackendCoderhouse\ProyectoFinal\middlewares\passport.js:40:46)
    at Strategy.authenticate (D:\BackendCoderhouse\ProyectoFinal\node_modules\passport-local\lib\strategy.js:88:12)
    at attempt (D:\BackendCoderhouse\ProyectoFinal\node_modules\passport\lib\middleware\authenticate.js:369:16)
    at authenticate (D:\BackendCoderhouse\ProyectoFinal\node_modules\passport\lib\middleware\authenticate.js:370:7)
    at Layer.handle [as handle_request] (D:\BackendCoderhouse\ProyectoFinal\node_modules\express\lib\router\layer.js:95:5)
    at next (D:\BackendCoderhouse\ProyectoFinal\node_modules\express\lib\router\route.js:144:13)
    at Immediate.<anonymous> (D:\BackendCoderhouse\ProyectoFinal\node_modules\multer\lib\make-middleware.js:53:37)
[2022-07-16T21:21:30.221] [ERROR] error - TypeError: uuid is not a function
    at CartsMemDAO.createCart (D:\BackendCoderhouse\ProyectoFinal\models\daos\cart\CartMemDao.js:25:47)
    at CartServices.createCartService (D:\BackendCoderhouse\ProyectoFinal\services\cart.services.js:43:49)
    at async UserServices.createUserService (D:\BackendCoderhouse\ProyectoFinal\services\user.services.js:46:49)
    at async UserControllers.createUserController (D:\BackendCoderhouse\ProyectoFinal\controllers\user.controllers.js:21:29)
    at async Strategy._verify (D:\BackendCoderhouse\ProyectoFinal\middlewares\passport.js:40:25)
[2022-07-16T21:24:19.036] [ERROR] error - TypeError: uuid is not a function
    at CartsMemDAO.createCart (D:\BackendCoderhouse\ProyectoFinal\models\daos\cart\CartMemDao.js:25:47)
    at CartServices.createCartService (D:\BackendCoderhouse\ProyectoFinal\services\cart.services.js:43:49)
    at async UserServices.createUserService (D:\BackendCoderhouse\ProyectoFinal\services\user.services.js:46:49)
    at async UserControllers.createUserController (D:\BackendCoderhouse\ProyectoFinal\controllers\user.controllers.js:21:29)
    at async Strategy._verify (D:\BackendCoderhouse\ProyectoFinal\middlewares\passport.js:40:25)
[2022-07-16T21:26:54.618] [ERROR] error - TypeError: uuid is not a function
    at CartsMemDAO.createCart (D:\BackendCoderhouse\ProyectoFinal\models\daos\cart\CartMemDao.js:25:47)
    at CartServices.createCartService (D:\BackendCoderhouse\ProyectoFinal\services\cart.services.js:43:49)
    at async UserServices.createUserService (D:\BackendCoderhouse\ProyectoFinal\services\user.services.js:46:49)
    at async UserControllers.createUserController (D:\BackendCoderhouse\ProyectoFinal\controllers\user.controllers.js:21:29)
    at async Strategy._verify (D:\BackendCoderhouse\ProyectoFinal\middlewares\passport.js:40:25)
[2022-07-16T21:27:41.666] [ERROR] error - TypeError: uuid is not a function
    at CartsMemDAO.createCart (D:\BackendCoderhouse\ProyectoFinal\models\daos\cart\CartMemDao.js:25:47)
    at CartServices.createCartService (D:\BackendCoderhouse\ProyectoFinal\services\cart.services.js:43:49)
    at async UserServices.createUserService (D:\BackendCoderhouse\ProyectoFinal\services\user.services.js:46:49)
    at async UserControllers.createUserController (D:\BackendCoderhouse\ProyectoFinal\controllers\user.controllers.js:21:29)
    at async Strategy._verify (D:\BackendCoderhouse\ProyectoFinal\middlewares\passport.js:40:25)
[2022-07-16T21:29:36.001] [ERROR] error - TypeError: uuid is not a function
    at UsersMemDAO.postNewUser (D:\BackendCoderhouse\ProyectoFinal\models\daos\users\userMemDao.js:32:19)
    at UserServices.createUserService (D:\BackendCoderhouse\ProyectoFinal\services\user.services.js:45:44)
    at UserControllers.createUserController (D:\BackendCoderhouse\ProyectoFinal\controllers\user.controllers.js:21:48)
    at Strategy._verify (D:\BackendCoderhouse\ProyectoFinal\middlewares\passport.js:40:46)
    at Strategy.authenticate (D:\BackendCoderhouse\ProyectoFinal\node_modules\passport-local\lib\strategy.js:88:12)
    at attempt (D:\BackendCoderhouse\ProyectoFinal\node_modules\passport\lib\middleware\authenticate.js:369:16)
    at authenticate (D:\BackendCoderhouse\ProyectoFinal\node_modules\passport\lib\middleware\authenticate.js:370:7)
    at Layer.handle [as handle_request] (D:\BackendCoderhouse\ProyectoFinal\node_modules\express\lib\router\layer.js:95:5)
    at next (D:\BackendCoderhouse\ProyectoFinal\node_modules\express\lib\router\route.js:144:13)
    at Immediate.<anonymous> (D:\BackendCoderhouse\ProyectoFinal\node_modules\multer\lib\make-middleware.js:53:37)
[2022-07-16T21:30:54.045] [ERROR] error - TypeError: uuid is not a function
    at CartsMemDAO.createCart (D:\BackendCoderhouse\ProyectoFinal\models\daos\cart\CartMemDao.js:25:47)
    at CartServices.createCartService (D:\BackendCoderhouse\ProyectoFinal\services\cart.services.js:43:49)
    at async UserServices.createUserService (D:\BackendCoderhouse\ProyectoFinal\services\user.services.js:46:49)
    at async UserControllers.createUserController (D:\BackendCoderhouse\ProyectoFinal\controllers\user.controllers.js:21:29)
    at async Strategy._verify (D:\BackendCoderhouse\ProyectoFinal\middlewares\passport.js:40:25)
[2022-07-16T21:31:44.912] [ERROR] error - TypeError: uuid is not a function
    at CartsMemDAO.createCart (D:\BackendCoderhouse\ProyectoFinal\models\daos\cart\CartMemDao.js:25:47)
    at CartServices.createCartService (D:\BackendCoderhouse\ProyectoFinal\services\cart.services.js:43:49)
    at async UserServices.createUserService (D:\BackendCoderhouse\ProyectoFinal\services\user.services.js:46:49)
    at async UserControllers.createUserController (D:\BackendCoderhouse\ProyectoFinal\controllers\user.controllers.js:21:29)
    at async Strategy._verify (D:\BackendCoderhouse\ProyectoFinal\middlewares\passport.js:40:25)
[2022-07-16T21:33:05.537] [ERROR] error - BSONTypeError: Argument passed in must be a string of 12 bytes or a string of 24 hex characters or an integer
    at new BSONTypeError (D:\BackendCoderhouse\ProyectoFinal\node_modules\bson\lib\error.js:41:28)
    at new ObjectId (D:\BackendCoderhouse\ProyectoFinal\node_modules\bson\lib\objectid.js:67:23)
    at ObjectId (D:\BackendCoderhouse\ProyectoFinal\node_modules\bson\lib\objectid.js:26:20)
    at purchaseCart (D:\BackendCoderhouse\ProyectoFinal\controllers\cart.controller.js:59:28)
    at Layer.handle [as handle_request] (D:\BackendCoderhouse\ProyectoFinal\node_modules\express\lib\router\layer.js:95:5)
    at next (D:\BackendCoderhouse\ProyectoFinal\node_modules\express\lib\router\route.js:144:13)
    at Route.dispatch (D:\BackendCoderhouse\ProyectoFinal\node_modules\express\lib\router\route.js:114:3)
    at Layer.handle [as handle_request] (D:\BackendCoderhouse\ProyectoFinal\node_modules\express\lib\router\layer.js:95:5)
    at D:\BackendCoderhouse\ProyectoFinal\node_modules\express\lib\router\index.js:284:15
    at param (D:\BackendCoderhouse\ProyectoFinal\node_modules\express\lib\router\index.js:365:14)
[2022-07-16T22:17:30.684] [ERROR] error - TypeError: this.users.findIndex is not a function
    at UsersMemDAO.updateById (D:\BackendCoderhouse\ProyectoFinal\models\daos\users\userMemDao.js:45:30)
    at UserServices.createUserService (D:\BackendCoderhouse\ProyectoFinal\services\user.services.js:62:43)
    at async UserControllers.createUserController (D:\BackendCoderhouse\ProyectoFinal\controllers\user.controllers.js:30:23)
    at async Strategy._verify (D:\BackendCoderhouse\ProyectoFinal\middlewares\passport.js:40:25)
[2022-07-16T22:40:16.898] [ERROR] error - An error occurred while connecting the database
[2022-07-16T22:40:16.898] [ERROR] error - Error en servidor  MongoNetworkError: connection 1 to 54.94.197.236:27017 closed
    at Connection.onClose (D:\BackendCoderhouse\ProyectoFinal\node_modules\mongoose\node_modules\mongodb\lib\cmap\connection.js:131:19)
    at TLSSocket.<anonymous> (D:\BackendCoderhouse\ProyectoFinal\node_modules\mongoose\node_modules\mongodb\lib\cmap\connection.js:65:46)
    at TLSSocket.emit (node:events:390:28)
    at node:net:687:12
    at TCP.done (node:_tls_wrap:580:7)
[2022-07-16T22:45:10.356] [ERROR] error - BSONTypeError: Argument passed in must be a string of 12 bytes or a string of 24 hex characters or an integer
    at new BSONTypeError (D:\BackendCoderhouse\ProyectoFinal\node_modules\bson\lib\error.js:41:28)
    at new ObjectId (D:\BackendCoderhouse\ProyectoFinal\node_modules\bson\lib\objectid.js:67:23)
    at ObjectId (D:\BackendCoderhouse\ProyectoFinal\node_modules\bson\lib\objectid.js:26:20)
    at postNewProduct (D:\BackendCoderhouse\ProyectoFinal\controllers\cart.controller.js:38:28)
    at Layer.handle [as handle_request] (D:\BackendCoderhouse\ProyectoFinal\node_modules\express\lib\router\layer.js:95:5)
    at next (D:\BackendCoderhouse\ProyectoFinal\node_modules\express\lib\router\route.js:144:13)
    at Route.dispatch (D:\BackendCoderhouse\ProyectoFinal\node_modules\express\lib\router\route.js:114:3)
    at Layer.handle [as handle_request] (D:\BackendCoderhouse\ProyectoFinal\node_modules\express\lib\router\layer.js:95:5)
    at D:\BackendCoderhouse\ProyectoFinal\node_modules\express\lib\router\index.js:284:15
    at param (D:\BackendCoderhouse\ProyectoFinal\node_modules\express\lib\router\index.js:365:14)
[2022-07-16T22:45:13.414] [ERROR] error - BSONTypeError: Argument passed in must be a string of 12 bytes or a string of 24 hex characters or an integer
    at new BSONTypeError (D:\BackendCoderhouse\ProyectoFinal\node_modules\bson\lib\error.js:41:28)
    at new ObjectId (D:\BackendCoderhouse\ProyectoFinal\node_modules\bson\lib\objectid.js:67:23)
    at ObjectId (D:\BackendCoderhouse\ProyectoFinal\node_modules\bson\lib\objectid.js:26:20)
    at postNewProduct (D:\BackendCoderhouse\ProyectoFinal\controllers\cart.controller.js:38:28)
    at Layer.handle [as handle_request] (D:\BackendCoderhouse\ProyectoFinal\node_modules\express\lib\router\layer.js:95:5)
    at next (D:\BackendCoderhouse\ProyectoFinal\node_modules\express\lib\router\route.js:144:13)
    at Route.dispatch (D:\BackendCoderhouse\ProyectoFinal\node_modules\express\lib\router\route.js:114:3)
    at Layer.handle [as handle_request] (D:\BackendCoderhouse\ProyectoFinal\node_modules\express\lib\router\layer.js:95:5)
    at D:\BackendCoderhouse\ProyectoFinal\node_modules\express\lib\router\index.js:284:15
    at param (D:\BackendCoderhouse\ProyectoFinal\node_modules\express\lib\router\index.js:365:14)
[2022-07-16T22:49:30.787] [ERROR] error - BSONTypeError: Argument passed in must be a string of 12 bytes or a string of 24 hex characters or an integer
    at new BSONTypeError (D:\BackendCoderhouse\ProyectoFinal\node_modules\bson\lib\error.js:41:28)
    at new ObjectId (D:\BackendCoderhouse\ProyectoFinal\node_modules\bson\lib\objectid.js:67:23)
    at ObjectId (D:\BackendCoderhouse\ProyectoFinal\node_modules\bson\lib\objectid.js:26:20)
    at deleteProductCart (D:\BackendCoderhouse\ProyectoFinal\controllers\cart.controller.js:51:28)
    at Layer.handle [as handle_request] (D:\BackendCoderhouse\ProyectoFinal\node_modules\express\lib\router\layer.js:95:5)
    at next (D:\BackendCoderhouse\ProyectoFinal\node_modules\express\lib\router\route.js:144:13)
    at Route.dispatch (D:\BackendCoderhouse\ProyectoFinal\node_modules\express\lib\router\route.js:114:3)
    at Layer.handle [as handle_request] (D:\BackendCoderhouse\ProyectoFinal\node_modules\express\lib\router\layer.js:95:5)
    at D:\BackendCoderhouse\ProyectoFinal\node_modules\express\lib\router\index.js:284:15
    at param (D:\BackendCoderhouse\ProyectoFinal\node_modules\express\lib\router\index.js:365:14)
[2022-07-16T22:49:32.039] [ERROR] error - BSONTypeError: Argument passed in must be a string of 12 bytes or a string of 24 hex characters or an integer
    at new BSONTypeError (D:\BackendCoderhouse\ProyectoFinal\node_modules\bson\lib\error.js:41:28)
    at new ObjectId (D:\BackendCoderhouse\ProyectoFinal\node_modules\bson\lib\objectid.js:67:23)
    at ObjectId (D:\BackendCoderhouse\ProyectoFinal\node_modules\bson\lib\objectid.js:26:20)
    at deleteProductCart (D:\BackendCoderhouse\ProyectoFinal\controllers\cart.controller.js:51:28)
    at Layer.handle [as handle_request] (D:\BackendCoderhouse\ProyectoFinal\node_modules\express\lib\router\layer.js:95:5)
    at next (D:\BackendCoderhouse\ProyectoFinal\node_modules\express\lib\router\route.js:144:13)
    at Route.dispatch (D:\BackendCoderhouse\ProyectoFinal\node_modules\express\lib\router\route.js:114:3)
    at Layer.handle [as handle_request] (D:\BackendCoderhouse\ProyectoFinal\node_modules\express\lib\router\layer.js:95:5)
    at D:\BackendCoderhouse\ProyectoFinal\node_modules\express\lib\router\index.js:284:15
    at param (D:\BackendCoderhouse\ProyectoFinal\node_modules\express\lib\router\index.js:365:14)
[2022-07-16T22:49:32.888] [ERROR] error - BSONTypeError: Argument passed in must be a string of 12 bytes or a string of 24 hex characters or an integer
    at new BSONTypeError (D:\BackendCoderhouse\ProyectoFinal\node_modules\bson\lib\error.js:41:28)
    at new ObjectId (D:\BackendCoderhouse\ProyectoFinal\node_modules\bson\lib\objectid.js:67:23)
    at ObjectId (D:\BackendCoderhouse\ProyectoFinal\node_modules\bson\lib\objectid.js:26:20)
    at deleteProductCart (D:\BackendCoderhouse\ProyectoFinal\controllers\cart.controller.js:51:28)
    at Layer.handle [as handle_request] (D:\BackendCoderhouse\ProyectoFinal\node_modules\express\lib\router\layer.js:95:5)
    at next (D:\BackendCoderhouse\ProyectoFinal\node_modules\express\lib\router\route.js:144:13)
    at Route.dispatch (D:\BackendCoderhouse\ProyectoFinal\node_modules\express\lib\router\route.js:114:3)
    at Layer.handle [as handle_request] (D:\BackendCoderhouse\ProyectoFinal\node_modules\express\lib\router\layer.js:95:5)
    at D:\BackendCoderhouse\ProyectoFinal\node_modules\express\lib\router\index.js:284:15
    at param (D:\BackendCoderhouse\ProyectoFinal\node_modules\express\lib\router\index.js:365:14)
[2022-07-16T22:51:13.478] [ERROR] error - RestException [Error]: Authenticate
    at success (D:\BackendCoderhouse\ProyectoFinal\node_modules\twilio\lib\base\Version.js:135:15)
    at Promise_then_fulfilled (D:\BackendCoderhouse\ProyectoFinal\node_modules\twilio\node_modules\q\q.js:766:44)
    at Promise_done_fulfilled (D:\BackendCoderhouse\ProyectoFinal\node_modules\twilio\node_modules\q\q.js:835:31)
    at Fulfilled_dispatch [as dispatch] (D:\BackendCoderhouse\ProyectoFinal\node_modules\twilio\node_modules\q\q.js:1229:9)
    at Pending_become_eachMessage_task (D:\BackendCoderhouse\ProyectoFinal\node_modules\twilio\node_modules\q\q.js:1369:30)
    at RawTask.call (D:\BackendCoderhouse\ProyectoFinal\node_modules\asap\asap.js:40:19)
    at flush (D:\BackendCoderhouse\ProyectoFinal\node_modules\asap\raw.js:50:29)
    at processTicksAndRejections (node:internal/process/task_queues:78:11) {
  status: 401,
  code: 20003,
  moreInfo: 'https://www.twilio.com/docs/errors/20003',
  details: undefined
}
[2022-07-16T22:51:14.134] [ERROR] error - RestException [Error]: Authenticate
    at success (D:\BackendCoderhouse\ProyectoFinal\node_modules\twilio\lib\base\Version.js:135:15)
    at Promise_then_fulfilled (D:\BackendCoderhouse\ProyectoFinal\node_modules\twilio\node_modules\q\q.js:766:44)
    at Promise_done_fulfilled (D:\BackendCoderhouse\ProyectoFinal\node_modules\twilio\node_modules\q\q.js:835:31)
    at Fulfilled_dispatch [as dispatch] (D:\BackendCoderhouse\ProyectoFinal\node_modules\twilio\node_modules\q\q.js:1229:9)
    at Pending_become_eachMessage_task (D:\BackendCoderhouse\ProyectoFinal\node_modules\twilio\node_modules\q\q.js:1369:30)
    at RawTask.call (D:\BackendCoderhouse\ProyectoFinal\node_modules\asap\asap.js:40:19)
    at flush (D:\BackendCoderhouse\ProyectoFinal\node_modules\asap\raw.js:50:29)
    at processTicksAndRejections (node:internal/process/task_queues:78:11) {
  status: 401,
  code: 20003,
  moreInfo: 'https://www.twilio.com/docs/errors/20003',
  details: undefined
}
[2022-07-17T18:26:50.975] [ERROR] error - TypeError: Cannot read properties of undefined (reading 'cartId')
    at CartController.getCartById (D:\BackendCoderhouse\ProyectoFinal\controllers\cart.controller.js:15:31)
    at D:\BackendCoderhouse\ProyectoFinal\routers\indexRoutes.js:37:54
    at processTicksAndRejections (node:internal/process/task_queues:96:5)
[2022-07-17T18:28:49.992] [ERROR] error - TypeError: Cannot read properties of undefined (reading 'cartId')
    at CartController.getCartById (D:\BackendCoderhouse\ProyectoFinal\controllers\cart.controller.js:15:31)
    at D:\BackendCoderhouse\ProyectoFinal\routers\indexRoutes.js:37:54
    at processTicksAndRejections (node:internal/process/task_queues:96:5)
[2022-07-17T18:29:34.348] [ERROR] error - TypeError: Cannot read properties of undefined (reading 'cartId')
    at CartController.getCartById (D:\BackendCoderhouse\ProyectoFinal\controllers\cart.controller.js:15:41)
    at D:\BackendCoderhouse\ProyectoFinal\routers\indexRoutes.js:37:54
    at processTicksAndRejections (node:internal/process/task_queues:96:5)
[2022-07-17T18:29:40.397] [ERROR] error - TypeError: Cannot read properties of undefined (reading 'cartId')
    at CartController.getCartById (D:\BackendCoderhouse\ProyectoFinal\controllers\cart.controller.js:15:41)
    at D:\BackendCoderhouse\ProyectoFinal\routers\indexRoutes.js:37:54
    at processTicksAndRejections (node:internal/process/task_queues:96:5)
[2022-07-17T18:47:27.186] [ERROR] error - Error: [object Object]
    at CartsMemDAO.deleteCart (D:\BackendCoderhouse\ProyectoFinal\models\daos\cart\CartMemDao.js:53:25)
    at CartServices.deleteCartService (D:\BackendCoderhouse\ProyectoFinal\services\cart.services.js:81:28)
    at deleteCart (D:\BackendCoderhouse\ProyectoFinal\controllers\cart.controller.js:75:31)
    at Layer.handle [as handle_request] (D:\BackendCoderhouse\ProyectoFinal\node_modules\express\lib\router\layer.js:95:5)
    at next (D:\BackendCoderhouse\ProyectoFinal\node_modules\express\lib\router\route.js:144:13)
    at Route.dispatch (D:\BackendCoderhouse\ProyectoFinal\node_modules\express\lib\router\route.js:114:3)
    at Layer.handle [as handle_request] (D:\BackendCoderhouse\ProyectoFinal\node_modules\express\lib\router\layer.js:95:5)
    at D:\BackendCoderhouse\ProyectoFinal\node_modules\express\lib\router\index.js:284:15
    at param (D:\BackendCoderhouse\ProyectoFinal\node_modules\express\lib\router\index.js:365:14)
    at param (D:\BackendCoderhouse\ProyectoFinal\node_modules\express\lib\router\index.js:376:14)
[2022-07-17T19:23:49.789] [ERROR] error - Error: [object Object]
    at CartsMemDAO.deleteCart (D:\BackendCoderhouse\ProyectoFinal\models\daos\cart\CartMemDao.js:53:25)
    at CartServices.deleteCartService (D:\BackendCoderhouse\ProyectoFinal\services\cart.services.js:81:28)
    at deleteCart (D:\BackendCoderhouse\ProyectoFinal\controllers\cart.controller.js:75:31)
    at Layer.handle [as handle_request] (D:\BackendCoderhouse\ProyectoFinal\node_modules\express\lib\router\layer.js:95:5)
    at next (D:\BackendCoderhouse\ProyectoFinal\node_modules\express\lib\router\route.js:144:13)
    at Route.dispatch (D:\BackendCoderhouse\ProyectoFinal\node_modules\express\lib\router\route.js:114:3)
    at Layer.handle [as handle_request] (D:\BackendCoderhouse\ProyectoFinal\node_modules\express\lib\router\layer.js:95:5)
    at D:\BackendCoderhouse\ProyectoFinal\node_modules\express\lib\router\index.js:284:15
    at param (D:\BackendCoderhouse\ProyectoFinal\node_modules\express\lib\router\index.js:365:14)
    at param (D:\BackendCoderhouse\ProyectoFinal\node_modules\express\lib\router\index.js:376:14)
[2022-07-17T19:24:15.122] [ERROR] error - Error: [object Object]
    at CartsMemDAO.deleteCart (D:\BackendCoderhouse\ProyectoFinal\models\daos\cart\CartMemDao.js:53:25)
    at CartServices.deleteCartService (D:\BackendCoderhouse\ProyectoFinal\services\cart.services.js:81:28)
    at deleteCart (D:\BackendCoderhouse\ProyectoFinal\controllers\cart.controller.js:75:31)
    at Layer.handle [as handle_request] (D:\BackendCoderhouse\ProyectoFinal\node_modules\express\lib\router\layer.js:95:5)
    at next (D:\BackendCoderhouse\ProyectoFinal\node_modules\express\lib\router\route.js:144:13)
    at Route.dispatch (D:\BackendCoderhouse\ProyectoFinal\node_modules\express\lib\router\route.js:114:3)
    at Layer.handle [as handle_request] (D:\BackendCoderhouse\ProyectoFinal\node_modules\express\lib\router\layer.js:95:5)
    at D:\BackendCoderhouse\ProyectoFinal\node_modules\express\lib\router\index.js:284:15
    at param (D:\BackendCoderhouse\ProyectoFinal\node_modules\express\lib\router\index.js:365:14)
    at param (D:\BackendCoderhouse\ProyectoFinal\node_modules\express\lib\router\index.js:376:14)
[2022-07-17T19:24:35.474] [ERROR] error - Error: No se encontr una Cart con el id: 1asd!
    at CartsMemDAO.deleteCart (D:\BackendCoderhouse\ProyectoFinal\models\daos\cart\CartMemDao.js:53:25)
    at CartServices.deleteCartService (D:\BackendCoderhouse\ProyectoFinal\services\cart.services.js:81:28)
    at deleteCart (D:\BackendCoderhouse\ProyectoFinal\controllers\cart.controller.js:75:31)
    at Layer.handle [as handle_request] (D:\BackendCoderhouse\ProyectoFinal\node_modules\express\lib\router\layer.js:95:5)
    at next (D:\BackendCoderhouse\ProyectoFinal\node_modules\express\lib\router\route.js:144:13)
    at Route.dispatch (D:\BackendCoderhouse\ProyectoFinal\node_modules\express\lib\router\route.js:114:3)
    at Layer.handle [as handle_request] (D:\BackendCoderhouse\ProyectoFinal\node_modules\express\lib\router\layer.js:95:5)
    at D:\BackendCoderhouse\ProyectoFinal\node_modules\express\lib\router\index.js:284:15
    at param (D:\BackendCoderhouse\ProyectoFinal\node_modules\express\lib\router\index.js:365:14)
    at param (D:\BackendCoderhouse\ProyectoFinal\node_modules\express\lib\router\index.js:376:14)
[2022-07-17T19:25:45.809] [ERROR] error - Error: No se encontr una Cart con el id: 1asd!
    at CartsMemDAO.deleteCart (D:\BackendCoderhouse\ProyectoFinal\models\daos\cart\CartMemDao.js:53:25)
    at CartServices.deleteCartService (D:\BackendCoderhouse\ProyectoFinal\services\cart.services.js:81:26)
    at deleteCart (D:\BackendCoderhouse\ProyectoFinal\controllers\cart.controller.js:75:31)
    at Layer.handle [as handle_request] (D:\BackendCoderhouse\ProyectoFinal\node_modules\express\lib\router\layer.js:95:5)
    at next (D:\BackendCoderhouse\ProyectoFinal\node_modules\express\lib\router\route.js:144:13)
    at Route.dispatch (D:\BackendCoderhouse\ProyectoFinal\node_modules\express\lib\router\route.js:114:3)
    at Layer.handle [as handle_request] (D:\BackendCoderhouse\ProyectoFinal\node_modules\express\lib\router\layer.js:95:5)
    at D:\BackendCoderhouse\ProyectoFinal\node_modules\express\lib\router\index.js:284:15
    at param (D:\BackendCoderhouse\ProyectoFinal\node_modules\express\lib\router\index.js:365:14)
    at param (D:\BackendCoderhouse\ProyectoFinal\node_modules\express\lib\router\index.js:376:14)
[2022-07-17T19:26:56.349] [ERROR] error - Error: No se encontr una Cart con el id: 1asd!
    at CartsMemDAO.deleteCart (D:\BackendCoderhouse\ProyectoFinal\models\daos\cart\CartMemDao.js:53:25)
    at CartServices.deleteCartService (D:\BackendCoderhouse\ProyectoFinal\services\cart.services.js:81:26)
    at deleteCart (D:\BackendCoderhouse\ProyectoFinal\controllers\cart.controller.js:75:31)
    at Layer.handle [as handle_request] (D:\BackendCoderhouse\ProyectoFinal\node_modules\express\lib\router\layer.js:95:5)
    at next (D:\BackendCoderhouse\ProyectoFinal\node_modules\express\lib\router\route.js:144:13)
    at Route.dispatch (D:\BackendCoderhouse\ProyectoFinal\node_modules\express\lib\router\route.js:114:3)
    at Layer.handle [as handle_request] (D:\BackendCoderhouse\ProyectoFinal\node_modules\express\lib\router\layer.js:95:5)
    at D:\BackendCoderhouse\ProyectoFinal\node_modules\express\lib\router\index.js:284:15
    at param (D:\BackendCoderhouse\ProyectoFinal\node_modules\express\lib\router\index.js:365:14)
    at param (D:\BackendCoderhouse\ProyectoFinal\node_modules\express\lib\router\index.js:376:14)
[2022-07-17T19:27:17.096] [ERROR] error - Error: No se encontr una Cart con el id: 1asd!
    at CartsMemDAO.deleteCart (D:\BackendCoderhouse\ProyectoFinal\models\daos\cart\CartMemDao.js:53:25)
    at CartServices.deleteCartService (D:\BackendCoderhouse\ProyectoFinal\services\cart.services.js:81:26)
    at deleteCart (D:\BackendCoderhouse\ProyectoFinal\controllers\cart.controller.js:75:31)
    at Layer.handle [as handle_request] (D:\BackendCoderhouse\ProyectoFinal\node_modules\express\lib\router\layer.js:95:5)
    at next (D:\BackendCoderhouse\ProyectoFinal\node_modules\express\lib\router\route.js:144:13)
    at Route.dispatch (D:\BackendCoderhouse\ProyectoFinal\node_modules\express\lib\router\route.js:114:3)
    at Layer.handle [as handle_request] (D:\BackendCoderhouse\ProyectoFinal\node_modules\express\lib\router\layer.js:95:5)
    at D:\BackendCoderhouse\ProyectoFinal\node_modules\express\lib\router\index.js:284:15
    at param (D:\BackendCoderhouse\ProyectoFinal\node_modules\express\lib\router\index.js:365:14)
    at param (D:\BackendCoderhouse\ProyectoFinal\node_modules\express\lib\router\index.js:376:14)
[2022-07-17T19:28:09.035] [ERROR] error - Error: No se encontr una Cart con el id: 1asd!
    at CartsMemDAO.deleteCart (D:\BackendCoderhouse\ProyectoFinal\models\daos\cart\CartMemDao.js:53:25)
    at CartServices.deleteCartService (D:\BackendCoderhouse\ProyectoFinal\services\cart.services.js:81:26)
    at deleteCart (D:\BackendCoderhouse\ProyectoFinal\controllers\cart.controller.js:75:31)
    at Layer.handle [as handle_request] (D:\BackendCoderhouse\ProyectoFinal\node_modules\express\lib\router\layer.js:95:5)
    at next (D:\BackendCoderhouse\ProyectoFinal\node_modules\express\lib\router\route.js:144:13)
    at Route.dispatch (D:\BackendCoderhouse\ProyectoFinal\node_modules\express\lib\router\route.js:114:3)
    at Layer.handle [as handle_request] (D:\BackendCoderhouse\ProyectoFinal\node_modules\express\lib\router\layer.js:95:5)
    at D:\BackendCoderhouse\ProyectoFinal\node_modules\express\lib\router\index.js:284:15
    at param (D:\BackendCoderhouse\ProyectoFinal\node_modules\express\lib\router\index.js:365:14)
    at param (D:\BackendCoderhouse\ProyectoFinal\node_modules\express\lib\router\index.js:376:14)
[2022-07-17T19:29:33.765] [ERROR] error - Error: No se encontr una Cart con el id: 1asd!
    at CartsMemDAO.deleteCart (D:\BackendCoderhouse\ProyectoFinal\models\daos\cart\CartMemDao.js:53:25)
    at CartServices.deleteCartService (D:\BackendCoderhouse\ProyectoFinal\services\cart.services.js:81:26)
    at deleteCart (D:\BackendCoderhouse\ProyectoFinal\controllers\cart.controller.js:75:31)
    at Layer.handle [as handle_request] (D:\BackendCoderhouse\ProyectoFinal\node_modules\express\lib\router\layer.js:95:5)
    at next (D:\BackendCoderhouse\ProyectoFinal\node_modules\express\lib\router\route.js:144:13)
    at Route.dispatch (D:\BackendCoderhouse\ProyectoFinal\node_modules\express\lib\router\route.js:114:3)
    at Layer.handle [as handle_request] (D:\BackendCoderhouse\ProyectoFinal\node_modules\express\lib\router\layer.js:95:5)
    at D:\BackendCoderhouse\ProyectoFinal\node_modules\express\lib\router\index.js:284:15
    at param (D:\BackendCoderhouse\ProyectoFinal\node_modules\express\lib\router\index.js:365:14)
    at param (D:\BackendCoderhouse\ProyectoFinal\node_modules\express\lib\router\index.js:376:14)
[2022-07-17T19:30:58.765] [ERROR] error - Error: No se encontr una Cart con el id: 1asd!
    at CartsMemDAO.deleteCart (D:\BackendCoderhouse\ProyectoFinal\models\daos\cart\CartMemDao.js:53:25)
    at CartServices.deleteCartService (D:\BackendCoderhouse\ProyectoFinal\services\cart.services.js:81:26)
    at deleteCart (D:\BackendCoderhouse\ProyectoFinal\controllers\cart.controller.js:75:31)
    at Layer.handle [as handle_request] (D:\BackendCoderhouse\ProyectoFinal\node_modules\express\lib\router\layer.js:95:5)
    at next (D:\BackendCoderhouse\ProyectoFinal\node_modules\express\lib\router\route.js:144:13)
    at Route.dispatch (D:\BackendCoderhouse\ProyectoFinal\node_modules\express\lib\router\route.js:114:3)
    at Layer.handle [as handle_request] (D:\BackendCoderhouse\ProyectoFinal\node_modules\express\lib\router\layer.js:95:5)
    at D:\BackendCoderhouse\ProyectoFinal\node_modules\express\lib\router\index.js:284:15
    at param (D:\BackendCoderhouse\ProyectoFinal\node_modules\express\lib\router\index.js:365:14)
    at param (D:\BackendCoderhouse\ProyectoFinal\node_modules\express\lib\router\index.js:376:14)
[2022-07-17T20:02:51.457] [ERROR] error - TypeError: Cannot read properties of undefined (reading 'service')
    at createUserController (D:\BackendCoderhouse\ProyectoFinal\controllers\user.controllers.js:30:34)
    at Layer.handle [as handle_request] (D:\BackendCoderhouse\ProyectoFinal\node_modules\express\lib\router\layer.js:95:5)
    at next (D:\BackendCoderhouse\ProyectoFinal\node_modules\express\lib\router\route.js:144:13)
    at Route.dispatch (D:\BackendCoderhouse\ProyectoFinal\node_modules\express\lib\router\route.js:114:3)
    at Layer.handle [as handle_request] (D:\BackendCoderhouse\ProyectoFinal\node_modules\express\lib\router\layer.js:95:5)
    at D:\BackendCoderhouse\ProyectoFinal\node_modules\express\lib\router\index.js:284:15
    at Function.process_params (D:\BackendCoderhouse\ProyectoFinal\node_modules\express\lib\router\index.js:346:12)
    at next (D:\BackendCoderhouse\ProyectoFinal\node_modules\express\lib\router\index.js:280:10)
    at urlencodedParser (D:\BackendCoderhouse\ProyectoFinal\node_modules\body-parser\lib\types\urlencoded.js:82:7)
    at Layer.handle [as handle_request] (D:\BackendCoderhouse\ProyectoFinal\node_modules\express\lib\router\layer.js:95:5)
[2022-07-17T20:03:25.510] [ERROR] error - TypeError: Cannot read properties of undefined (reading 'service')
    at createUserController (D:\BackendCoderhouse\ProyectoFinal\controllers\user.controllers.js:30:34)
    at Layer.handle [as handle_request] (D:\BackendCoderhouse\ProyectoFinal\node_modules\express\lib\router\layer.js:95:5)
    at next (D:\BackendCoderhouse\ProyectoFinal\node_modules\express\lib\router\route.js:144:13)
    at Route.dispatch (D:\BackendCoderhouse\ProyectoFinal\node_modules\express\lib\router\route.js:114:3)
    at Layer.handle [as handle_request] (D:\BackendCoderhouse\ProyectoFinal\node_modules\express\lib\router\layer.js:95:5)
    at D:\BackendCoderhouse\ProyectoFinal\node_modules\express\lib\router\index.js:284:15
    at Function.process_params (D:\BackendCoderhouse\ProyectoFinal\node_modules\express\lib\router\index.js:346:12)
    at next (D:\BackendCoderhouse\ProyectoFinal\node_modules\express\lib\router\index.js:280:10)
    at urlencodedParser (D:\BackendCoderhouse\ProyectoFinal\node_modules\body-parser\lib\types\urlencoded.js:82:7)
    at Layer.handle [as handle_request] (D:\BackendCoderhouse\ProyectoFinal\node_modules\express\lib\router\layer.js:95:5)
[2022-07-17T20:06:02.818] [ERROR] error - TypeError: Cannot read properties of undefined (reading 'service')
    at createUserController (D:\BackendCoderhouse\ProyectoFinal\controllers\user.controllers.js:30:34)
    at Layer.handle [as handle_request] (D:\BackendCoderhouse\ProyectoFinal\node_modules\express\lib\router\layer.js:95:5)
    at next (D:\BackendCoderhouse\ProyectoFinal\node_modules\express\lib\router\route.js:144:13)
    at Route.dispatch (D:\BackendCoderhouse\ProyectoFinal\node_modules\express\lib\router\route.js:114:3)
    at Layer.handle [as handle_request] (D:\BackendCoderhouse\ProyectoFinal\node_modules\express\lib\router\layer.js:95:5)
    at D:\BackendCoderhouse\ProyectoFinal\node_modules\express\lib\router\index.js:284:15
    at Function.process_params (D:\BackendCoderhouse\ProyectoFinal\node_modules\express\lib\router\index.js:346:12)
    at next (D:\BackendCoderhouse\ProyectoFinal\node_modules\express\lib\router\index.js:280:10)
    at urlencodedParser (D:\BackendCoderhouse\ProyectoFinal\node_modules\body-parser\lib\types\urlencoded.js:82:7)
    at Layer.handle [as handle_request] (D:\BackendCoderhouse\ProyectoFinal\node_modules\express\lib\router\layer.js:95:5)
[2022-07-17T20:06:35.109] [ERROR] error - TypeError: Cannot read properties of undefined (reading 'service')
    at createUserController (D:\BackendCoderhouse\ProyectoFinal\controllers\user.controllers.js:30:34)
    at Layer.handle [as handle_request] (D:\BackendCoderhouse\ProyectoFinal\node_modules\express\lib\router\layer.js:95:5)
    at next (D:\BackendCoderhouse\ProyectoFinal\node_modules\express\lib\router\route.js:144:13)
    at Route.dispatch (D:\BackendCoderhouse\ProyectoFinal\node_modules\express\lib\router\route.js:114:3)
    at Layer.handle [as handle_request] (D:\BackendCoderhouse\ProyectoFinal\node_modules\express\lib\router\layer.js:95:5)
    at D:\BackendCoderhouse\ProyectoFinal\node_modules\express\lib\router\index.js:284:15
    at Function.process_params (D:\BackendCoderhouse\ProyectoFinal\node_modules\express\lib\router\index.js:346:12)
    at next (D:\BackendCoderhouse\ProyectoFinal\node_modules\express\lib\router\index.js:280:10)
    at urlencodedParser (D:\BackendCoderhouse\ProyectoFinal\node_modules\body-parser\lib\types\urlencoded.js:82:7)
    at Layer.handle [as handle_request] (D:\BackendCoderhouse\ProyectoFinal\node_modules\express\lib\router\layer.js:95:5)
[2022-07-17T20:07:18.834] [ERROR] error - TypeError: Cannot read properties of undefined (reading 'service')
    at createUserController (D:\BackendCoderhouse\ProyectoFinal\controllers\user.controllers.js:30:34)
    at Layer.handle [as handle_request] (D:\BackendCoderhouse\ProyectoFinal\node_modules\express\lib\router\layer.js:95:5)
    at next (D:\BackendCoderhouse\ProyectoFinal\node_modules\express\lib\router\route.js:144:13)
    at Route.dispatch (D:\BackendCoderhouse\ProyectoFinal\node_modules\express\lib\router\route.js:114:3)
    at Layer.handle [as handle_request] (D:\BackendCoderhouse\ProyectoFinal\node_modules\express\lib\router\layer.js:95:5)
    at D:\BackendCoderhouse\ProyectoFinal\node_modules\express\lib\router\index.js:284:15
    at Function.process_params (D:\BackendCoderhouse\ProyectoFinal\node_modules\express\lib\router\index.js:346:12)
    at next (D:\BackendCoderhouse\ProyectoFinal\node_modules\express\lib\router\index.js:280:10)
    at urlencodedParser (D:\BackendCoderhouse\ProyectoFinal\node_modules\body-parser\lib\types\urlencoded.js:82:7)
    at Layer.handle [as handle_request] (D:\BackendCoderhouse\ProyectoFinal\node_modules\express\lib\router\layer.js:95:5)
[2022-07-17T20:12:38.274] [ERROR] error - TypeError: Cannot read properties of undefined (reading 'service')
    at updateUser (D:\BackendCoderhouse\ProyectoFinal\controllers\user.controllers.js:41:34)
    at Layer.handle [as handle_request] (D:\BackendCoderhouse\ProyectoFinal\node_modules\express\lib\router\layer.js:95:5)
    at next (D:\BackendCoderhouse\ProyectoFinal\node_modules\express\lib\router\route.js:144:13)
    at Route.dispatch (D:\BackendCoderhouse\ProyectoFinal\node_modules\express\lib\router\route.js:114:3)
    at Layer.handle [as handle_request] (D:\BackendCoderhouse\ProyectoFinal\node_modules\express\lib\router\layer.js:95:5)
    at D:\BackendCoderhouse\ProyectoFinal\node_modules\express\lib\router\index.js:284:15
    at param (D:\BackendCoderhouse\ProyectoFinal\node_modules\express\lib\router\index.js:365:14)
    at param (D:\BackendCoderhouse\ProyectoFinal\node_modules\express\lib\router\index.js:376:14)
    at Function.process_params (D:\BackendCoderhouse\ProyectoFinal\node_modules\express\lib\router\index.js:421:3)
    at next (D:\BackendCoderhouse\ProyectoFinal\node_modules\express\lib\router\index.js:280:10)
[2022-07-17T20:14:24.021] [ERROR] error - TypeError: Cannot read properties of undefined (reading 'service')
    at updateUser (D:\BackendCoderhouse\ProyectoFinal\controllers\user.controllers.js:41:34)
    at Layer.handle [as handle_request] (D:\BackendCoderhouse\ProyectoFinal\node_modules\express\lib\router\layer.js:95:5)
    at next (D:\BackendCoderhouse\ProyectoFinal\node_modules\express\lib\router\route.js:144:13)
    at Route.dispatch (D:\BackendCoderhouse\ProyectoFinal\node_modules\express\lib\router\route.js:114:3)
    at Layer.handle [as handle_request] (D:\BackendCoderhouse\ProyectoFinal\node_modules\express\lib\router\layer.js:95:5)
    at D:\BackendCoderhouse\ProyectoFinal\node_modules\express\lib\router\index.js:284:15
    at param (D:\BackendCoderhouse\ProyectoFinal\node_modules\express\lib\router\index.js:365:14)
    at param (D:\BackendCoderhouse\ProyectoFinal\node_modules\express\lib\router\index.js:376:14)
    at Function.process_params (D:\BackendCoderhouse\ProyectoFinal\node_modules\express\lib\router\index.js:421:3)
    at next (D:\BackendCoderhouse\ProyectoFinal\node_modules\express\lib\router\index.js:280:10)
[2022-07-17T20:16:02.811] [ERROR] error - TypeError: Cannot read properties of undefined (reading 'service')
    at updateUser (D:\BackendCoderhouse\ProyectoFinal\controllers\user.controllers.js:41:34)
    at Layer.handle [as handle_request] (D:\BackendCoderhouse\ProyectoFinal\node_modules\express\lib\router\layer.js:95:5)
    at next (D:\BackendCoderhouse\ProyectoFinal\node_modules\express\lib\router\route.js:144:13)
    at Route.dispatch (D:\BackendCoderhouse\ProyectoFinal\node_modules\express\lib\router\route.js:114:3)
    at Layer.handle [as handle_request] (D:\BackendCoderhouse\ProyectoFinal\node_modules\express\lib\router\layer.js:95:5)
    at D:\BackendCoderhouse\ProyectoFinal\node_modules\express\lib\router\index.js:284:15
    at param (D:\BackendCoderhouse\ProyectoFinal\node_modules\express\lib\router\index.js:365:14)
    at param (D:\BackendCoderhouse\ProyectoFinal\node_modules\express\lib\router\index.js:376:14)
    at Function.process_params (D:\BackendCoderhouse\ProyectoFinal\node_modules\express\lib\router\index.js:421:3)
    at next (D:\BackendCoderhouse\ProyectoFinal\node_modules\express\lib\router\index.js:280:10)
[2022-07-17T20:16:55.134] [ERROR] error - TypeError: Cannot read properties of undefined (reading 'service')
    at updateUser (D:\BackendCoderhouse\ProyectoFinal\controllers\user.controllers.js:41:34)
    at Layer.handle [as handle_request] (D:\BackendCoderhouse\ProyectoFinal\node_modules\express\lib\router\layer.js:95:5)
    at next (D:\BackendCoderhouse\ProyectoFinal\node_modules\express\lib\router\route.js:144:13)
    at Route.dispatch (D:\BackendCoderhouse\ProyectoFinal\node_modules\express\lib\router\route.js:114:3)
    at Layer.handle [as handle_request] (D:\BackendCoderhouse\ProyectoFinal\node_modules\express\lib\router\layer.js:95:5)
    at D:\BackendCoderhouse\ProyectoFinal\node_modules\express\lib\router\index.js:284:15
    at param (D:\BackendCoderhouse\ProyectoFinal\node_modules\express\lib\router\index.js:365:14)
    at param (D:\BackendCoderhouse\ProyectoFinal\node_modules\express\lib\router\index.js:376:14)
    at Function.process_params (D:\BackendCoderhouse\ProyectoFinal\node_modules\express\lib\router\index.js:421:3)
    at next (D:\BackendCoderhouse\ProyectoFinal\node_modules\express\lib\router\index.js:280:10)
[2022-07-17T20:17:48.252] [ERROR] error - TypeError: Cannot read properties of undefined (reading 'service')
    at updateUser (D:\BackendCoderhouse\ProyectoFinal\controllers\user.controllers.js:41:34)
    at Layer.handle [as handle_request] (D:\BackendCoderhouse\ProyectoFinal\node_modules\express\lib\router\layer.js:95:5)
    at next (D:\BackendCoderhouse\ProyectoFinal\node_modules\express\lib\router\route.js:144:13)
    at Route.dispatch (D:\BackendCoderhouse\ProyectoFinal\node_modules\express\lib\router\route.js:114:3)
    at Layer.handle [as handle_request] (D:\BackendCoderhouse\ProyectoFinal\node_modules\express\lib\router\layer.js:95:5)
    at D:\BackendCoderhouse\ProyectoFinal\node_modules\express\lib\router\index.js:284:15
    at param (D:\BackendCoderhouse\ProyectoFinal\node_modules\express\lib\router\index.js:365:14)
    at param (D:\BackendCoderhouse\ProyectoFinal\node_modules\express\lib\router\index.js:376:14)
    at Function.process_params (D:\BackendCoderhouse\ProyectoFinal\node_modules\express\lib\router\index.js:421:3)
    at next (D:\BackendCoderhouse\ProyectoFinal\node_modules\express\lib\router\index.js:280:10)
[2022-07-17T20:18:03.298] [ERROR] error - TypeError: Cannot read properties of undefined (reading 'service')
    at updateUser (D:\BackendCoderhouse\ProyectoFinal\controllers\user.controllers.js:41:34)
    at Layer.handle [as handle_request] (D:\BackendCoderhouse\ProyectoFinal\node_modules\express\lib\router\layer.js:95:5)
    at next (D:\BackendCoderhouse\ProyectoFinal\node_modules\express\lib\router\route.js:144:13)
    at Route.dispatch (D:\BackendCoderhouse\ProyectoFinal\node_modules\express\lib\router\route.js:114:3)
    at Layer.handle [as handle_request] (D:\BackendCoderhouse\ProyectoFinal\node_modules\express\lib\router\layer.js:95:5)
    at D:\BackendCoderhouse\ProyectoFinal\node_modules\express\lib\router\index.js:284:15
    at param (D:\BackendCoderhouse\ProyectoFinal\node_modules\express\lib\router\index.js:365:14)
    at param (D:\BackendCoderhouse\ProyectoFinal\node_modules\express\lib\router\index.js:376:14)
    at Function.process_params (D:\BackendCoderhouse\ProyectoFinal\node_modules\express\lib\router\index.js:421:3)
    at next (D:\BackendCoderhouse\ProyectoFinal\node_modules\express\lib\router\index.js:280:10)
[2022-07-18T20:10:46.270] [ERROR] error - ValidationError: phone is a required field
    at createError (D:\BackendCoderhouse\ProyectoFinal\node_modules\yup\lib\util\createValidation.js:54:21)
    at D:\BackendCoderhouse\ProyectoFinal\node_modules\yup\lib\util\createValidation.js:72:107
    at processTicksAndRejections (node:internal/process/task_queues:96:5) {
  value: {
    email: undefined,
    password: undefined,
    name: undefined,
    phone: undefined,
    image: undefined,
    createdAt: 1658185846265,
    updatedAt: 1658185846265,
    _id: '8240e1ec-4d7e-4124-b5d5-c9bd7ccf8d51',
    cart: 'd04191d5-6bc8-4e6b-a474-b0889c5a06a2'
  },
  path: 'phone',
  type: 'required',
  errors: [ 'phone is a required field' ],
  params: {
    value: undefined,
    originalValue: undefined,
    label: undefined,
    path: 'phone'
  },
  inner: []
}
[2022-07-18T20:11:58.266] [ERROR] error - ValidationError: phone is a required field
    at createError (D:\BackendCoderhouse\ProyectoFinal\node_modules\yup\lib\util\createValidation.js:54:21)
    at D:\BackendCoderhouse\ProyectoFinal\node_modules\yup\lib\util\createValidation.js:72:107
    at processTicksAndRejections (node:internal/process/task_queues:96:5) {
  value: {
    email: undefined,
    password: undefined,
    name: undefined,
    phone: undefined,
    image: undefined,
    createdAt: 1658185918261,
    updatedAt: 1658185918261,
    _id: '7a6d61fd-9d7a-4313-ae59-5df41b8d66b3',
    cart: '0e5fb64c-da90-4f98-9b4e-d13d158415c9'
  },
  path: 'phone',
  type: 'required',
  errors: [ 'phone is a required field' ],
  params: {
    value: undefined,
    originalValue: undefined,
    label: undefined,
    path: 'phone'
  },
  inner: []
}
[2022-07-18T20:14:32.669] [ERROR] error - ValidationError: password is a required field
    at createError (D:\BackendCoderhouse\ProyectoFinal\node_modules\yup\lib\util\createValidation.js:54:21)
    at D:\BackendCoderhouse\ProyectoFinal\node_modules\yup\lib\util\createValidation.js:72:107
    at processTicksAndRejections (node:internal/process/task_queues:96:5) {
  value: {
    email: 'fff@fff',
    password: undefined,
    name: 'atoato',
    phone: '12345678',
    image: '123',
    createdAt: 1658186072664,
    updatedAt: 1658186072664,
    _id: '85664801-4f84-4de2-aafc-8faefcfc0eab',
    cart: '28f64d88-b099-4117-823e-34ec8a496b4e'
  },
  path: 'password',
  type: 'required',
  errors: [ 'password is a required field' ],
  params: {
    value: undefined,
    originalValue: undefined,
    label: undefined,
    path: 'password'
  },
  inner: []
}
[2022-07-20T00:03:35.568] [ERROR] error - TypeError: Cannot read properties of undefined (reading 'id')
    at D:\BackendCoderhouse\ProyectoFinal\routers\indexRoutes.js:44:38
    at processTicksAndRejections (node:internal/process/task_queues:96:5)
[2022-07-20T00:05:37.458] [ERROR] error - TypeError: Cannot read properties of undefined (reading 'id')
    at D:\BackendCoderhouse\ProyectoFinal\routers\indexRoutes.js:44:38
    at processTicksAndRejections (node:internal/process/task_queues:96:5)
[2022-07-20T00:05:47.041] [ERROR] error - TypeError: Cannot read properties of undefined (reading 'id')
    at D:\BackendCoderhouse\ProyectoFinal\routers\indexRoutes.js:44:38
    at processTicksAndRejections (node:internal/process/task_queues:96:5)
[2022-07-20T19:29:25.928] [ERROR] error - An error occurred while connecting the database
[2022-07-20T19:29:25.928] [ERROR] error - Error en servidor  MongoNetworkError: connection 1 to 54.94.197.236:27017 closed
    at Connection.onClose (D:\BackendCoderhouse\ProyectoFinal\node_modules\mongoose\node_modules\mongodb\lib\cmap\connection.js:131:19)
    at TLSSocket.<anonymous> (D:\BackendCoderhouse\ProyectoFinal\node_modules\mongoose\node_modules\mongodb\lib\cmap\connection.js:65:46)
    at TLSSocket.emit (node:events:390:28)
    at node:net:687:12
    at TCP.done (node:_tls_wrap:580:7)
[2022-07-20T19:29:25.934] [ERROR] error - An error occurred while connecting the database
[2022-07-20T19:29:25.934] [ERROR] error - Error en servidor  MongoNetworkError: connection 1 to 54.94.197.236:27017 closed
    at Connection.onClose (D:\BackendCoderhouse\ProyectoFinal\node_modules\mongoose\node_modules\mongodb\lib\cmap\connection.js:131:19)
    at TLSSocket.<anonymous> (D:\BackendCoderhouse\ProyectoFinal\node_modules\mongoose\node_modules\mongodb\lib\cmap\connection.js:65:46)
    at TLSSocket.emit (node:events:390:28)
    at node:net:687:12
    at TCP.done (node:_tls_wrap:580:7)
[2022-07-20T19:55:26.328] [ERROR] error - Error: Wrong username or password
    at UserMongoDAO.getUserByEmail (D:\BackendCoderhouse\ProyectoFinal\models\daos\users\userMongoDao.js:41:15)
    at runMicrotasks (<anonymous>)
    at processTicksAndRejections (node:internal/process/task_queues:96:5)
    at async UserServices.getUserByEmailService (D:\BackendCoderhouse\ProyectoFinal\services\user.services.js:45:21)
    at async UserControllers.getUserByEmailController (D:\BackendCoderhouse\ProyectoFinal\controllers\user.controllers.js:20:23)
    at async Strategy._verify (D:\BackendCoderhouse\ProyectoFinal\middlewares\passport.js:14:23)
[2022-07-20T19:55:26.330] [ERROR] error - TypeError: Cannot read properties of undefined (reading 'password')
    at isValidPassword (D:\BackendCoderhouse\ProyectoFinal\middlewares\passport.js:8:79)
    at Strategy._verify (D:\BackendCoderhouse\ProyectoFinal\middlewares\passport.js:15:12)
    at runMicrotasks (<anonymous>)
    at processTicksAndRejections (node:internal/process/task_queues:96:5)
[2022-07-20T19:55:56.013] [ERROR] error - Error: Wrong username or password
    at UserMongoDAO.getUserByEmail (D:\BackendCoderhouse\ProyectoFinal\models\daos\users\userMongoDao.js:41:15)
    at runMicrotasks (<anonymous>)
    at processTicksAndRejections (node:internal/process/task_queues:96:5)
    at async UserServices.getUserByEmailService (D:\BackendCoderhouse\ProyectoFinal\services\user.services.js:45:21)
    at async UserControllers.getUserByEmailController (D:\BackendCoderhouse\ProyectoFinal\controllers\user.controllers.js:20:23)
    at async Strategy._verify (D:\BackendCoderhouse\ProyectoFinal\middlewares\passport.js:14:23)
[2022-07-20T19:55:56.014] [ERROR] error - TypeError: Cannot read properties of undefined (reading 'password')
    at isValidPassword (D:\BackendCoderhouse\ProyectoFinal\middlewares\passport.js:8:79)
    at Strategy._verify (D:\BackendCoderhouse\ProyectoFinal\middlewares\passport.js:15:12)
    at runMicrotasks (<anonymous>)
    at processTicksAndRejections (node:internal/process/task_queues:96:5)
[2022-07-20T19:57:06.744] [ERROR] error - ReferenceError: uuid is not defined
    at UserMongoDAO.postNewUser (D:\BackendCoderhouse\ProyectoFinal\models\daos\users\userMongoDao.js:63:35)
    at UserServices.createUserService (D:\BackendCoderhouse\ProyectoFinal\services\user.services.js:57:40)
    at UserControllers.createUserController (D:\BackendCoderhouse\ProyectoFinal\controllers\user.controllers.js:30:42)
    at Strategy._verify (D:\BackendCoderhouse\ProyectoFinal\middlewares\passport.js:40:46)
    at Strategy.authenticate (D:\BackendCoderhouse\ProyectoFinal\node_modules\passport-local\lib\strategy.js:88:12)
    at attempt (D:\BackendCoderhouse\ProyectoFinal\node_modules\passport\lib\middleware\authenticate.js:369:16)
    at authenticate (D:\BackendCoderhouse\ProyectoFinal\node_modules\passport\lib\middleware\authenticate.js:370:7)
    at Layer.handle [as handle_request] (D:\BackendCoderhouse\ProyectoFinal\node_modules\express\lib\router\layer.js:95:5)
    at next (D:\BackendCoderhouse\ProyectoFinal\node_modules\express\lib\router\route.js:144:13)
    at Immediate._onImmediate (D:\BackendCoderhouse\ProyectoFinal\node_modules\multer\lib\make-middleware.js:53:37)
[2022-07-20T19:57:06.745] [ERROR] error - TypeError: Cannot read properties of undefined (reading '_id')
    at UserServices.createUserService (D:\BackendCoderhouse\ProyectoFinal\services\user.services.js:58:95)
    at runMicrotasks (<anonymous>)
    at processTicksAndRejections (node:internal/process/task_queues:96:5)
    at async UserControllers.createUserController (D:\BackendCoderhouse\ProyectoFinal\controllers\user.controllers.js:30:23)
    at async Strategy._verify (D:\BackendCoderhouse\ProyectoFinal\middlewares\passport.js:40:25)
[2022-07-20T20:17:40.221] [ERROR] error - BSONTypeError: Argument passed in must be a string of 12 bytes or a string of 24 hex characters or an integer
    at new BSONTypeError (D:\BackendCoderhouse\ProyectoFinal\node_modules\bson\lib\error.js:41:28)
    at new ObjectId (D:\BackendCoderhouse\ProyectoFinal\node_modules\bson\lib\objectid.js:67:23)
    at ObjectId (D:\BackendCoderhouse\ProyectoFinal\node_modules\bson\lib\objectid.js:26:20)
    at UserMongoDAO.updateUserById (D:\BackendCoderhouse\ProyectoFinal\models\daos\users\userMongoDao.js:75:64)
    at UserServices.createUserService (D:\BackendCoderhouse\ProyectoFinal\services\user.services.js:60:39)
    at runMicrotasks (<anonymous>)
    at processTicksAndRejections (node:internal/process/task_queues:96:5)
    at async UserControllers.createUserController (D:\BackendCoderhouse\ProyectoFinal\controllers\user.controllers.js:30:23)
    at async Strategy._verify (D:\BackendCoderhouse\ProyectoFinal\middlewares\passport.js:40:25)
[2022-07-20T20:17:40.223] [ERROR] error - TypeError: Cannot read properties of undefined (reading 'name')
    at newRegisterNodemailer (D:\BackendCoderhouse\ProyectoFinal\utils\nodemailer.js:29:62)
    at UserServices.createUserService (D:\BackendCoderhouse\ProyectoFinal\services\user.services.js:62:11)
    at runMicrotasks (<anonymous>)
    at processTicksAndRejections (node:internal/process/task_queues:96:5)
    at async UserControllers.createUserController (D:\BackendCoderhouse\ProyectoFinal\controllers\user.controllers.js:30:23)
    at async Strategy._verify (D:\BackendCoderhouse\ProyectoFinal\middlewares\passport.js:40:25)
[2022-07-20T20:17:40.689] [ERROR] error - CustomError {
  status: 500,
  message: 'Error fetching cart with id 479c6e8a-4dad-48c2-943a-9d488cd7f57e',
  details: BSONTypeError: Argument passed in must be a string of 12 bytes or a string of 24 hex characters or an integer
      at new BSONTypeError (D:\BackendCoderhouse\ProyectoFinal\node_modules\bson\lib\error.js:41:28)
      at new ObjectId (D:\BackendCoderhouse\ProyectoFinal\node_modules\bson\lib\objectid.js:67:23)
      at ObjectId (D:\BackendCoderhouse\ProyectoFinal\node_modules\bson\lib\objectid.js:26:20)
      at CartMongoDAO.getCartById (D:\BackendCoderhouse\ProyectoFinal\models\daos\cart\CartMongoDao.js:49:61)
      at CartServices.getCartByIdService (D:\BackendCoderhouse\ProyectoFinal\services\cart.services.js:33:40)
      at CartController.getCartById (D:\BackendCoderhouse\ProyectoFinal\controllers\cart.controller.js:13:45)
      at D:\BackendCoderhouse\ProyectoFinal\routers\indexRoutes.js:41:48
      at runMicrotasks (<anonymous>)
      at processTicksAndRejections (node:internal/process/task_queues:96:5)
}
[2022-07-20T20:20:59.911] [ERROR] error - CustomError {
  status: 500,
  message: 'Error fetching cart with id 479c6e8a-4dad-48c2-943a-9d488cd7f57e',
  details: BSONTypeError: Argument passed in must be a string of 12 bytes or a string of 24 hex characters or an integer
      at new BSONTypeError (D:\BackendCoderhouse\ProyectoFinal\node_modules\bson\lib\error.js:41:28)
      at new ObjectId (D:\BackendCoderhouse\ProyectoFinal\node_modules\bson\lib\objectid.js:67:23)
      at ObjectId (D:\BackendCoderhouse\ProyectoFinal\node_modules\bson\lib\objectid.js:26:20)
      at CartMongoDAO.getCartById (D:\BackendCoderhouse\ProyectoFinal\models\daos\cart\CartMongoDao.js:49:61)
      at CartServices.getCartByIdService (D:\BackendCoderhouse\ProyectoFinal\services\cart.services.js:33:40)
      at CartController.getCartById (D:\BackendCoderhouse\ProyectoFinal\controllers\cart.controller.js:13:45)
      at D:\BackendCoderhouse\ProyectoFinal\routers\indexRoutes.js:41:48
      at runMicrotasks (<anonymous>)
      at processTicksAndRejections (node:internal/process/task_queues:96:5)
}
[2022-07-20T20:21:00.112] [ERROR] error - CustomError {
  status: 500,
  message: 'Error fetching cart with id 479c6e8a-4dad-48c2-943a-9d488cd7f57e',
  details: BSONTypeError: Argument passed in must be a string of 12 bytes or a string of 24 hex characters or an integer
      at new BSONTypeError (D:\BackendCoderhouse\ProyectoFinal\node_modules\bson\lib\error.js:41:28)
      at new ObjectId (D:\BackendCoderhouse\ProyectoFinal\node_modules\bson\lib\objectid.js:67:23)
      at ObjectId (D:\BackendCoderhouse\ProyectoFinal\node_modules\bson\lib\objectid.js:26:20)
      at CartMongoDAO.getCartById (D:\BackendCoderhouse\ProyectoFinal\models\daos\cart\CartMongoDao.js:49:61)
      at CartServices.getCartByIdService (D:\BackendCoderhouse\ProyectoFinal\services\cart.services.js:33:40)
      at CartController.getCartById (D:\BackendCoderhouse\ProyectoFinal\controllers\cart.controller.js:13:45)
      at D:\BackendCoderhouse\ProyectoFinal\routers\indexRoutes.js:41:48
      at runMicrotasks (<anonymous>)
      at processTicksAndRejections (node:internal/process/task_queues:96:5)
}
[2022-07-20T20:21:19.161] [ERROR] error - Error: TypeError: Cannot read properties of undefined (reading 'find')
    at ProductsMongoDAO.getAllProducts (D:\BackendCoderhouse\ProyectoFinal\models\daos\products\ProductsMongoDao.js:36:25)
    at ProductServices.getAllProductsService (D:\BackendCoderhouse\ProyectoFinal\services\product.services.js:23:34)
    at ProductsController.getAllProducts (D:\BackendCoderhouse\ProyectoFinal\controllers\products.controller.js:8:56)
    at D:\BackendCoderhouse\ProyectoFinal\routers\indexRoutes.js:37:48
    at Layer.handle [as handle_request] (D:\BackendCoderhouse\ProyectoFinal\node_modules\express\lib\router\layer.js:95:5)
    at next (D:\BackendCoderhouse\ProyectoFinal\node_modules\express\lib\router\route.js:144:13)
    at Route.dispatch (D:\BackendCoderhouse\ProyectoFinal\node_modules\express\lib\router\route.js:114:3)
    at Layer.handle [as handle_request] (D:\BackendCoderhouse\ProyectoFinal\node_modules\express\lib\router\layer.js:95:5)
    at D:\BackendCoderhouse\ProyectoFinal\node_modules\express\lib\router\index.js:284:15
    at Function.process_params (D:\BackendCoderhouse\ProyectoFinal\node_modules\express\lib\router\index.js:346:12)
[2022-07-20T20:24:16.590] [ERROR] error - CustomError {
  status: 500,
  message: 'Error fetching cart with id 0a98a677-fb21-4995-a236-0eb6498e222f',
  details: BSONTypeError: Argument passed in must be a string of 12 bytes or a string of 24 hex characters or an integer
      at new BSONTypeError (D:\BackendCoderhouse\ProyectoFinal\node_modules\bson\lib\error.js:41:28)
      at new ObjectId (D:\BackendCoderhouse\ProyectoFinal\node_modules\bson\lib\objectid.js:67:23)
      at ObjectId (D:\BackendCoderhouse\ProyectoFinal\node_modules\bson\lib\objectid.js:26:20)
      at CartMongoDAO.getCartById (D:\BackendCoderhouse\ProyectoFinal\models\daos\cart\CartMongoDao.js:49:61)
      at CartServices.getCartByIdService (D:\BackendCoderhouse\ProyectoFinal\services\cart.services.js:33:40)
      at CartController.getCartById (D:\BackendCoderhouse\ProyectoFinal\controllers\cart.controller.js:13:45)
      at D:\BackendCoderhouse\ProyectoFinal\routers\indexRoutes.js:41:48
      at runMicrotasks (<anonymous>)
      at processTicksAndRejections (node:internal/process/task_queues:96:5)
}
[2022-07-20T20:24:53.358] [ERROR] error - TypeError: Cannot read properties of undefined (reading 'findOne')
    at UserMongoDAO.getUserByEmail (D:\BackendCoderhouse\ProyectoFinal\models\daos\users\userMongoDao.js:39:47)
    at UserServices.getUserByEmailService (D:\BackendCoderhouse\ProyectoFinal\services\user.services.js:45:40)
    at UserControllers.getUserByEmailController (D:\BackendCoderhouse\ProyectoFinal\controllers\user.controllers.js:20:42)
    at D:\BackendCoderhouse\ProyectoFinal\middlewares\passport.js:57:39
    at pass (D:\BackendCoderhouse\ProyectoFinal\node_modules\passport\lib\authenticator.js:354:9)
    at Authenticator.deserializeUser (D:\BackendCoderhouse\ProyectoFinal\node_modules\passport\lib\authenticator.js:359:5)
    at SessionStrategy.authenticate (D:\BackendCoderhouse\ProyectoFinal\node_modules\passport\lib\strategies\session.js:61:10)
    at attempt (D:\BackendCoderhouse\ProyectoFinal\node_modules\passport\lib\middleware\authenticate.js:369:16)
    at authenticate (D:\BackendCoderhouse\ProyectoFinal\node_modules\passport\lib\middleware\authenticate.js:370:7)
    at Layer.handle [as handle_request] (D:\BackendCoderhouse\ProyectoFinal\node_modules\express\lib\router\layer.js:95:5)
[2022-07-20T20:25:34.433] [ERROR] error - MongoServerError: E11000 duplicate key error collection: ProyectoFinal.users index: email_1 dup key: { email: "asdf@asdf" }
    at D:\BackendCoderhouse\ProyectoFinal\node_modules\mongodb\lib\operations\insert.js:53:33
    at D:\BackendCoderhouse\ProyectoFinal\node_modules\mongodb\lib\cmap\connection_pool.js:273:25
    at D:\BackendCoderhouse\ProyectoFinal\node_modules\mongodb\lib\sdam\server.js:212:17
    at handleOperationResult (D:\BackendCoderhouse\ProyectoFinal\node_modules\mongodb\lib\sdam\server.js:335:20)
    at Connection.onMessage (D:\BackendCoderhouse\ProyectoFinal\node_modules\mongodb\lib\cmap\connection.js:214:9)
    at MessageStream.<anonymous> (D:\BackendCoderhouse\ProyectoFinal\node_modules\mongodb\lib\cmap\connection.js:62:60)
    at MessageStream.emit (node:events:390:28)
    at processIncomingData (D:\BackendCoderhouse\ProyectoFinal\node_modules\mongodb\lib\cmap\message_stream.js:108:16)
    at MessageStream._write (D:\BackendCoderhouse\ProyectoFinal\node_modules\mongodb\lib\cmap\message_stream.js:28:9)
    at writeOrBuffer (node:internal/streams/writable:389:12) {
  index: 0,
  code: 11000,
  keyPattern: { email: 1 },
  keyValue: { email: 'asdf@asdf' },
  [Symbol(errorLabels)]: Set(0) {}
}
[2022-07-20T20:25:34.436] [ERROR] error - TypeError: Cannot read properties of undefined (reading '_id')
    at UserServices.createUserService (D:\BackendCoderhouse\ProyectoFinal\services\user.services.js:58:95)
    at runMicrotasks (<anonymous>)
    at processTicksAndRejections (node:internal/process/task_queues:96:5)
    at async UserControllers.createUserController (D:\BackendCoderhouse\ProyectoFinal\controllers\user.controllers.js:30:23)
    at async Strategy._verify (D:\BackendCoderhouse\ProyectoFinal\middlewares\passport.js:40:25)
[2022-07-20T20:26:42.640] [ERROR] error - TypeError: Cannot read properties of undefined (reading 'findOne')
    at UserMongoDAO.getUserByEmail (D:\BackendCoderhouse\ProyectoFinal\models\daos\users\userMongoDao.js:39:47)
    at UserServices.getUserByEmailService (D:\BackendCoderhouse\ProyectoFinal\services\user.services.js:45:40)
    at UserControllers.getUserByEmailController (D:\BackendCoderhouse\ProyectoFinal\controllers\user.controllers.js:20:42)
    at D:\BackendCoderhouse\ProyectoFinal\middlewares\passport.js:57:39
    at pass (D:\BackendCoderhouse\ProyectoFinal\node_modules\passport\lib\authenticator.js:354:9)
    at Authenticator.deserializeUser (D:\BackendCoderhouse\ProyectoFinal\node_modules\passport\lib\authenticator.js:359:5)
    at SessionStrategy.authenticate (D:\BackendCoderhouse\ProyectoFinal\node_modules\passport\lib\strategies\session.js:61:10)
    at attempt (D:\BackendCoderhouse\ProyectoFinal\node_modules\passport\lib\middleware\authenticate.js:369:16)
    at authenticate (D:\BackendCoderhouse\ProyectoFinal\node_modules\passport\lib\middleware\authenticate.js:370:7)
    at Layer.handle [as handle_request] (D:\BackendCoderhouse\ProyectoFinal\node_modules\express\lib\router\layer.js:95:5)
[2022-07-20T20:26:56.752] [ERROR] error - CustomError {
  status: 500,
  message: 'Error fetching cart with id e4dd55c0-2824-4fe1-8513-bbd7ff603db0',
  details: BSONTypeError: Argument passed in must be a string of 12 bytes or a string of 24 hex characters or an integer
      at new BSONTypeError (D:\BackendCoderhouse\ProyectoFinal\node_modules\bson\lib\error.js:41:28)
      at new ObjectId (D:\BackendCoderhouse\ProyectoFinal\node_modules\bson\lib\objectid.js:67:23)
      at ObjectId (D:\BackendCoderhouse\ProyectoFinal\node_modules\bson\lib\objectid.js:26:20)
      at CartMongoDAO.getCartById (D:\BackendCoderhouse\ProyectoFinal\models\daos\cart\CartMongoDao.js:49:61)
      at CartServices.getCartByIdService (D:\BackendCoderhouse\ProyectoFinal\services\cart.services.js:33:40)
      at CartController.getCartById (D:\BackendCoderhouse\ProyectoFinal\controllers\cart.controller.js:13:45)
      at D:\BackendCoderhouse\ProyectoFinal\routers\indexRoutes.js:41:48
      at processTicksAndRejections (node:internal/process/task_queues:96:5)
}
[2022-07-20T20:33:24.257] [ERROR] error - Invalid user or password
[2022-07-20T20:34:27.945] [ERROR] error - TypeError: Cannot read properties of null (reading 'products')
    at CartServices.addProductToCartService (D:\BackendCoderhouse\ProyectoFinal\services\cart.services.js:59:13)
    at processTicksAndRejections (node:internal/process/task_queues:96:5)
    at async postNewProduct (D:\BackendCoderhouse\ProyectoFinal\controllers\cart.controller.js:39:7)
[2022-07-20T20:35:55.038] [ERROR] error - TypeError: Cannot read properties of null (reading 'products')
    at CartServices.addProductToCartService (D:\BackendCoderhouse\ProyectoFinal\services\cart.services.js:60:13)
    at processTicksAndRejections (node:internal/process/task_queues:96:5)
    at async postNewProduct (D:\BackendCoderhouse\ProyectoFinal\controllers\cart.controller.js:39:7)
[2022-07-20T20:36:31.347] [ERROR] error - TypeError: Cannot read properties of null (reading 'products')
    at CartServices.addProductToCartService (D:\BackendCoderhouse\ProyectoFinal\services\cart.services.js:60:13)
    at processTicksAndRejections (node:internal/process/task_queues:96:5)
    at async postNewProduct (D:\BackendCoderhouse\ProyectoFinal\controllers\cart.controller.js:39:7)
[2022-07-20T20:36:56.496] [ERROR] error - BSONTypeError: Argument passed in does not match the accepted types
    at new BSONTypeError (D:\BackendCoderhouse\ProyectoFinal\node_modules\bson\lib\error.js:41:28)
    at new ObjectId (D:\BackendCoderhouse\ProyectoFinal\node_modules\bson\lib\objectid.js:71:19)
    at ObjectId (D:\BackendCoderhouse\ProyectoFinal\node_modules\bson\lib\objectid.js:26:20)
    at CartMongoDAO.updateCartById (D:\BackendCoderhouse\ProyectoFinal\models\daos\cart\CartMongoDao.js:70:12)
    at CartServices.addProductToCartService (D:\BackendCoderhouse\ProyectoFinal\services\cart.services.js:61:44)
    at runMicrotasks (<anonymous>)
    at processTicksAndRejections (node:internal/process/task_queues:96:5)
    at async postNewProduct (D:\BackendCoderhouse\ProyectoFinal\controllers\cart.controller.js:39:7)
[2022-07-20T21:38:08.390] [ERROR] error - Error: Wrong username or password
    at UserMongoDAO.getUserByEmail (D:\BackendCoderhouse\ProyectoFinal\models\daos\users\userMongoDao.js:41:15)
    at runMicrotasks (<anonymous>)
    at processTicksAndRejections (node:internal/process/task_queues:96:5)
    at async UserServices.getUserByEmailService (D:\BackendCoderhouse\ProyectoFinal\services\user.services.js:45:21)
    at async UserControllers.getUserByEmailController (D:\BackendCoderhouse\ProyectoFinal\controllers\user.controllers.js:20:23)
    at async D:\BackendCoderhouse\ProyectoFinal\middlewares\passport.js:57:18
